{"/home/travis/build/npmtest/node-npmtest-mongoosastic/test.js":{"path":"/home/travis/build/npmtest/node-npmtest-mongoosastic/test.js","s":{"1":2,"2":2,"3":2,"4":2,"5":2,"6":2,"7":2,"8":1,"9":2,"10":2,"11":1,"12":1,"13":1,"14":1,"15":2,"16":2,"17":2,"18":2,"19":1,"20":1,"21":2,"22":2,"23":2,"24":1,"25":1,"26":1,"27":1,"28":1,"29":1,"30":1,"31":1,"32":1,"33":1,"34":1,"35":1,"36":1,"37":1,"38":1,"39":2,"40":2,"41":1,"42":2,"43":2,"44":1,"45":2,"46":2,"47":1,"48":2,"49":2,"50":1,"51":1,"52":1,"53":1,"54":1},"b":{"1":[2,1,1,1],"2":[1,1,1,1],"3":[1,1],"4":[1,1],"5":[1,1],"6":[1,1],"7":[1,1],"8":[1,1],"9":[1,1],"10":[1,1,1],"11":[1,1],"12":[1,1],"13":[1,1],"14":[1,1],"15":[1,1],"16":[1,1],"17":[1,1]},"f":{"1":2,"2":2,"3":2,"4":2,"5":2,"6":1,"7":1,"8":1,"9":2,"10":2,"11":2,"12":2,"13":1},"fnMap":{"1":{"name":"(anonymous_1)","line":12,"loc":{"start":{"line":12,"column":1},"end":{"line":12,"column":13}}},"2":{"name":"(anonymous_2)","line":19,"loc":{"start":{"line":19,"column":5},"end":{"line":19,"column":17}}},"3":{"name":"(anonymous_3)","line":23,"loc":{"start":{"line":23,"column":24},"end":{"line":23,"column":36}}},"4":{"name":"(anonymous_4)","line":61,"loc":{"start":{"line":61,"column":5},"end":{"line":61,"column":17}}},"5":{"name":"(anonymous_5)","line":82,"loc":{"start":{"line":82,"column":5},"end":{"line":82,"column":17}}},"6":{"name":"(anonymous_6)","line":91,"loc":{"start":{"line":91,"column":77},"end":{"line":94,"column":10}}},"7":{"name":"(anonymous_7)","line":112,"loc":{"start":{"line":112,"column":83},"end":{"line":115,"column":10}},"skip":true},"8":{"name":"(anonymous_8)","line":123,"loc":{"start":{"line":123,"column":77},"end":{"line":126,"column":10}},"skip":true},"9":{"name":"(anonymous_9)","line":139,"loc":{"start":{"line":139,"column":12},"end":{"line":139,"column":40}},"skip":true},"10":{"name":"(anonymous_10)","line":147,"loc":{"start":{"line":147,"column":77},"end":{"line":150,"column":10}},"skip":true},"11":{"name":"(anonymous_11)","line":158,"loc":{"start":{"line":158,"column":83},"end":{"line":161,"column":10}},"skip":true},"12":{"name":"(anonymous_12)","line":169,"loc":{"start":{"line":169,"column":79},"end":{"line":172,"column":10}},"skip":true},"13":{"name":"(anonymous_13)","line":180,"loc":{"start":{"line":180,"column":75},"end":{"line":183,"column":10}},"skip":true}},"statementMap":{"1":{"start":{"line":12,"column":0},"end":{"line":195,"column":5}},"2":{"start":{"line":14,"column":4},"end":{"line":14,"column":14}},"3":{"start":{"line":19,"column":4},"end":{"line":56,"column":9}},"4":{"start":{"line":21,"column":8},"end":{"line":21,"column":19}},"5":{"start":{"line":23,"column":8},"end":{"line":35,"column":13}},"6":{"start":{"line":24,"column":12},"end":{"line":34,"column":13}},"7":{"start":{"line":25,"column":16},"end":{"line":28,"column":30}},"8":{"start":{"line":30,"column":16},"end":{"line":33,"column":27}},"9":{"start":{"line":37,"column":8},"end":{"line":39,"column":21}},"10":{"start":{"line":40,"column":8},"end":{"line":53,"column":9}},"11":{"start":{"line":43,"column":12},"end":{"line":46,"column":14}},"12":{"start":{"line":47,"column":12},"end":{"line":47,"column":18}},"13":{"start":{"line":50,"column":12},"end":{"line":51,"column":46}},"14":{"start":{"line":52,"column":12},"end":{"line":52,"column":18}},"15":{"start":{"line":55,"column":8},"end":{"line":55,"column":35}},"16":{"start":{"line":61,"column":4},"end":{"line":63,"column":9}},"17":{"start":{"line":62,"column":8},"end":{"line":62,"column":15}},"18":{"start":{"line":64,"column":4},"end":{"line":77,"column":5}},"19":{"start":{"line":70,"column":8},"end":{"line":70,"column":14}},"20":{"start":{"line":76,"column":8},"end":{"line":76,"column":14}},"21":{"start":{"line":82,"column":4},"end":{"line":84,"column":9}},"22":{"start":{"line":83,"column":8},"end":{"line":83,"column":15}},"23":{"start":{"line":85,"column":4},"end":{"line":194,"column":5}},"24":{"start":{"line":91,"column":8},"end":{"line":99,"column":10}},"25":{"start":{"line":98,"column":12},"end":{"line":98,"column":35}},"26":{"start":{"line":102,"column":8},"end":{"line":104,"column":63}},"27":{"start":{"line":105,"column":8},"end":{"line":105,"column":14}},"28":{"start":{"line":112,"column":8},"end":{"line":121,"column":10},"skip":true},"29":{"start":{"line":119,"column":12},"end":{"line":119,"column":55},"skip":true},"30":{"start":{"line":120,"column":12},"end":{"line":120,"column":48},"skip":true},"31":{"start":{"line":123,"column":8},"end":{"line":136,"column":10},"skip":true},"32":{"start":{"line":130,"column":12},"end":{"line":130,"column":76},"skip":true},"33":{"start":{"line":131,"column":12},"end":{"line":131,"column":73},"skip":true},"34":{"start":{"line":132,"column":12},"end":{"line":132,"column":74},"skip":true},"35":{"start":{"line":133,"column":12},"end":{"line":133,"column":79},"skip":true},"36":{"start":{"line":134,"column":12},"end":{"line":134,"column":25},"skip":true},"37":{"start":{"line":135,"column":12},"end":{"line":135,"column":45},"skip":true},"38":{"start":{"line":138,"column":8},"end":{"line":145,"column":14},"skip":true},"39":{"start":{"line":143,"column":16},"end":{"line":143,"column":29},"skip":true},"40":{"start":{"line":144,"column":16},"end":{"line":144,"column":55},"skip":true},"41":{"start":{"line":147,"column":8},"end":{"line":156,"column":10},"skip":true},"42":{"start":{"line":154,"column":12},"end":{"line":154,"column":25},"skip":true},"43":{"start":{"line":155,"column":12},"end":{"line":155,"column":45},"skip":true},"44":{"start":{"line":158,"column":8},"end":{"line":167,"column":10},"skip":true},"45":{"start":{"line":165,"column":12},"end":{"line":165,"column":25},"skip":true},"46":{"start":{"line":166,"column":12},"end":{"line":166,"column":48},"skip":true},"47":{"start":{"line":169,"column":8},"end":{"line":178,"column":10},"skip":true},"48":{"start":{"line":176,"column":12},"end":{"line":176,"column":25},"skip":true},"49":{"start":{"line":177,"column":12},"end":{"line":177,"column":46},"skip":true},"50":{"start":{"line":180,"column":8},"end":{"line":189,"column":10},"skip":true},"51":{"start":{"line":187,"column":12},"end":{"line":187,"column":94},"skip":true},"52":{"start":{"line":188,"column":12},"end":{"line":188,"column":48},"skip":true},"53":{"start":{"line":192,"column":8},"end":{"line":192,"column":35},"skip":true},"54":{"start":{"line":193,"column":8},"end":{"line":193,"column":14},"skip":true}},"branchMap":{"1":{"line":25,"type":"binary-expr","locations":[{"start":{"line":25,"column":23},"end":{"line":25,"column":62}},{"start":{"line":26,"column":20},"end":{"line":26,"column":70}},{"start":{"line":27,"column":20},"end":{"line":27,"column":71}},{"start":{"line":28,"column":20},"end":{"line":28,"column":29}}]},"2":{"line":30,"type":"binary-expr","locations":[{"start":{"line":30,"column":23},"end":{"line":30,"column":37}},{"start":{"line":31,"column":20},"end":{"line":31,"column":61}},{"start":{"line":32,"column":20},"end":{"line":32,"column":70}},{"start":{"line":33,"column":20},"end":{"line":33,"column":26}}]},"3":{"line":37,"type":"cond-expr","locations":[{"start":{"line":38,"column":14},"end":{"line":38,"column":20}},{"start":{"line":39,"column":14},"end":{"line":39,"column":20}}]},"4":{"line":40,"type":"switch","locations":[{"start":{"line":42,"column":8},"end":{"line":47,"column":18}},{"start":{"line":49,"column":8},"end":{"line":52,"column":18}}]},"5":{"line":44,"type":"binary-expr","locations":[{"start":{"line":44,"column":16},"end":{"line":44,"column":44}},{"start":{"line":44,"column":48},"end":{"line":44,"column":66}}]},"6":{"line":50,"type":"binary-expr","locations":[{"start":{"line":50,"column":21},"end":{"line":50,"column":49}},{"start":{"line":50,"column":53},"end":{"line":50,"column":72}}]},"7":{"line":64,"type":"switch","locations":[{"start":{"line":69,"column":4},"end":{"line":70,"column":14}},{"start":{"line":75,"column":4},"end":{"line":76,"column":14}}]},"8":{"line":85,"type":"switch","locations":[{"start":{"line":90,"column":4},"end":{"line":105,"column":14}},{"start":{"line":111,"column":4},"end":{"line":193,"column":14},"skip":true}]},"9":{"line":91,"type":"binary-expr","locations":[{"start":{"line":91,"column":42},"end":{"line":91,"column":73}},{"start":{"line":91,"column":77},"end":{"line":99,"column":9}}]},"10":{"line":102,"type":"binary-expr","locations":[{"start":{"line":102,"column":18},"end":{"line":102,"column":32}},{"start":{"line":103,"column":12},"end":{"line":103,"column":53}},{"start":{"line":104,"column":12},"end":{"line":104,"column":61}}]},"11":{"line":112,"type":"binary-expr","locations":[{"start":{"line":112,"column":45},"end":{"line":112,"column":79},"skip":true},{"start":{"line":112,"column":83},"end":{"line":121,"column":9},"skip":true}]},"12":{"line":123,"type":"binary-expr","locations":[{"start":{"line":123,"column":42},"end":{"line":123,"column":73},"skip":true},{"start":{"line":123,"column":77},"end":{"line":136,"column":9},"skip":true}]},"13":{"line":138,"type":"binary-expr","locations":[{"start":{"line":138,"column":48},"end":{"line":138,"column":85},"skip":true},{"start":{"line":139,"column":12},"end":{"line":145,"column":13},"skip":true}]},"14":{"line":147,"type":"binary-expr","locations":[{"start":{"line":147,"column":42},"end":{"line":147,"column":73},"skip":true},{"start":{"line":147,"column":77},"end":{"line":156,"column":9},"skip":true}]},"15":{"line":158,"type":"binary-expr","locations":[{"start":{"line":158,"column":45},"end":{"line":158,"column":79},"skip":true},{"start":{"line":158,"column":83},"end":{"line":167,"column":9},"skip":true}]},"16":{"line":169,"type":"binary-expr","locations":[{"start":{"line":169,"column":43},"end":{"line":169,"column":75},"skip":true},{"start":{"line":169,"column":79},"end":{"line":178,"column":9},"skip":true}]},"17":{"line":180,"type":"binary-expr","locations":[{"start":{"line":180,"column":41},"end":{"line":180,"column":71},"skip":true},{"start":{"line":180,"column":75},"end":{"line":189,"column":9},"skip":true}]}},"code":["/* istanbul instrument in package npmtest_mongoosastic */","/*jslint","    bitwise: true,","    browser: true,","    maxerr: 8,","    maxlen: 96,","    node: true,","    nomen: true,","    regexp: true,","    stupid: true","*/","(function () {","    'use strict';","    var local;","","","","    // run shared js-env code - pre-init","    (function () {","        // init local","        local = {};","        // init modeJs","        local.modeJs = (function () {","            try {","                return typeof navigator.userAgent === 'string' &&","                    typeof document.querySelector('body') === 'object' &&","                    typeof XMLHttpRequest.prototype.open === 'function' &&","                    'browser';","            } catch (errorCaughtBrowser) {","                return module.exports &&","                    typeof process.versions.node === 'string' &&","                    typeof require('http').createServer === 'function' &&","                    'node';","            }","        }());","        // init global","        local.global = local.modeJs === 'browser'","            ? window","            : global;","        switch (local.modeJs) {","        // re-init local from window.local","        case 'browser':","            local = local.global.utility2.objectSetDefault(","                local.global.utility2_rollup || local.global.local,","                local.global.utility2","            );","            break;","        // re-init local from example.js","        case 'node':","            local = (local.global.utility2_rollup || require('utility2'))","                .requireExampleJsFromReadme();","            break;","        }","        // export local","        local.global.local = local;","    }());","","","","    // run shared js-env code - function","    (function () {","        return;","    }());","    switch (local.modeJs) {","","","","    // run browser js-env code - function","    case 'browser':","        break;","","","","    // run node js-env code - function","    case 'node':","        break;","    }","","","","    // run shared js-env code - post-init","    (function () {","        return;","    }());","    switch (local.modeJs) {","","","","    // run browser js-env code - post-init","    case 'browser':","        local.testCase_browser_nullCase = local.testCase_browser_nullCase || function (","            options,","            onError","        ) {","        /*","         * this function will test browsers's null-case handling-behavior-behavior","         */","            onError(null, options);","        };","","        // run tests","        local.nop(local.modeTest &&","            document.querySelector('#testRunButton1') &&","            document.querySelector('#testRunButton1').click());","        break;","","","","    // run node js-env code - post-init","    /* istanbul ignore next */","    case 'node':","        local.testCase_buildApidoc_default = local.testCase_buildApidoc_default || function (","            options,","            onError","        ) {","        /*","         * this function will test buildApidoc's default handling-behavior-behavior","         */","            options = { modulePathList: module.paths };","            local.buildApidoc(options, onError);","        };","","        local.testCase_buildApp_default = local.testCase_buildApp_default || function (","            options,","            onError","        ) {","        /*","         * this function will test buildApp's default handling-behavior-behavior","         */","            local.testCase_buildReadme_default(options, local.onErrorThrow);","            local.testCase_buildLib_default(options, local.onErrorThrow);","            local.testCase_buildTest_default(options, local.onErrorThrow);","            local.testCase_buildCustomOrg_default(options, local.onErrorThrow);","            options = [];","            local.buildApp(options, onError);","        };","","        local.testCase_buildCustomOrg_default = local.testCase_buildCustomOrg_default ||","            function (options, onError) {","            /*","             * this function will test buildCustomOrg's default handling-behavior","             */","                options = {};","                local.buildCustomOrg(options, onError);","            };","","        local.testCase_buildLib_default = local.testCase_buildLib_default || function (","            options,","            onError","        ) {","        /*","         * this function will test buildLib's default handling-behavior","         */","            options = {};","            local.buildLib(options, onError);","        };","","        local.testCase_buildReadme_default = local.testCase_buildReadme_default || function (","            options,","            onError","        ) {","        /*","         * this function will test buildReadme's default handling-behavior-behavior","         */","            options = {};","            local.buildReadme(options, onError);","        };","","        local.testCase_buildTest_default = local.testCase_buildTest_default || function (","            options,","            onError","        ) {","        /*","         * this function will test buildTest's default handling-behavior","         */","            options = {};","            local.buildTest(options, onError);","        };","","        local.testCase_webpage_default = local.testCase_webpage_default || function (","            options,","            onError","        ) {","        /*","         * this function will test webpage's default handling-behavior","         */","            options = { modeCoverageMerge: true, url: local.serverLocalHost + '?modeTest=1' };","            local.browserTest(options, onError);","        };","","        // run test-server","        local.testRunServer(local);","        break;","    }","}());",""],"l":{"12":2,"14":2,"19":2,"21":2,"23":2,"24":2,"25":2,"30":1,"37":2,"40":2,"43":1,"47":1,"50":1,"52":1,"55":2,"61":2,"62":2,"64":2,"70":1,"76":1,"82":2,"83":2,"85":2,"91":1,"98":1,"102":1,"105":1,"112":1,"119":1,"120":1,"123":1,"130":1,"131":1,"132":1,"133":1,"134":1,"135":1,"138":1,"143":2,"144":2,"147":1,"154":2,"155":2,"158":1,"165":2,"166":2,"169":1,"176":2,"177":2,"180":1,"187":1,"188":1,"192":1,"193":1}},"/home/travis/build/npmtest/node-npmtest-mongoosastic/lib.npmtest_mongoosastic.js":{"path":"/home/travis/build/npmtest/node-npmtest-mongoosastic/lib.npmtest_mongoosastic.js","s":{"1":2,"2":2,"3":2,"4":2,"5":2,"6":2,"7":2,"8":1,"9":2,"10":2,"11":2,"12":2,"13":1,"14":1,"15":1,"16":1},"b":{"1":[2,1,1,1],"2":[1,1,1,1],"3":[1,1],"4":[2,2],"5":[1,1]},"f":{"1":2,"2":2,"3":2},"fnMap":{"1":{"name":"(anonymous_1)","line":12,"loc":{"start":{"line":12,"column":1},"end":{"line":12,"column":13}}},"2":{"name":"(anonymous_2)","line":19,"loc":{"start":{"line":19,"column":5},"end":{"line":19,"column":17}}},"3":{"name":"(anonymous_3)","line":23,"loc":{"start":{"line":23,"column":24},"end":{"line":23,"column":36}}}},"statementMap":{"1":{"start":{"line":12,"column":0},"end":{"line":53,"column":5}},"2":{"start":{"line":14,"column":4},"end":{"line":14,"column":14}},"3":{"start":{"line":19,"column":4},"end":{"line":52,"column":9}},"4":{"start":{"line":21,"column":8},"end":{"line":21,"column":19}},"5":{"start":{"line":23,"column":8},"end":{"line":35,"column":13}},"6":{"start":{"line":24,"column":12},"end":{"line":34,"column":13}},"7":{"start":{"line":25,"column":16},"end":{"line":28,"column":30}},"8":{"start":{"line":30,"column":16},"end":{"line":33,"column":27}},"9":{"start":{"line":37,"column":8},"end":{"line":39,"column":21}},"10":{"start":{"line":41,"column":8},"end":{"line":41,"column":54}},"11":{"start":{"line":43,"column":8},"end":{"line":43,"column":57}},"12":{"start":{"line":45,"column":8},"end":{"line":51,"column":9}},"13":{"start":{"line":46,"column":12},"end":{"line":46,"column":63}},"14":{"start":{"line":48,"column":12},"end":{"line":48,"column":35}},"15":{"start":{"line":49,"column":12},"end":{"line":49,"column":49}},"16":{"start":{"line":50,"column":12},"end":{"line":50,"column":43}}},"branchMap":{"1":{"line":25,"type":"binary-expr","locations":[{"start":{"line":25,"column":23},"end":{"line":25,"column":62}},{"start":{"line":26,"column":20},"end":{"line":26,"column":70}},{"start":{"line":27,"column":20},"end":{"line":27,"column":71}},{"start":{"line":28,"column":20},"end":{"line":28,"column":29}}]},"2":{"line":30,"type":"binary-expr","locations":[{"start":{"line":30,"column":23},"end":{"line":30,"column":37}},{"start":{"line":31,"column":20},"end":{"line":31,"column":61}},{"start":{"line":32,"column":20},"end":{"line":32,"column":70}},{"start":{"line":33,"column":20},"end":{"line":33,"column":26}}]},"3":{"line":37,"type":"cond-expr","locations":[{"start":{"line":38,"column":14},"end":{"line":38,"column":20}},{"start":{"line":39,"column":14},"end":{"line":39,"column":20}}]},"4":{"line":41,"type":"binary-expr","locations":[{"start":{"line":41,"column":16},"end":{"line":41,"column":44}},{"start":{"line":41,"column":48},"end":{"line":41,"column":53}}]},"5":{"line":45,"type":"if","locations":[{"start":{"line":45,"column":8},"end":{"line":45,"column":8}},{"start":{"line":45,"column":8},"end":{"line":45,"column":8}}]}},"code":["/* istanbul instrument in package npmtest_mongoosastic */","/*jslint","    bitwise: true,","    browser: true,","    maxerr: 8,","    maxlen: 96,","    node: true,","    nomen: true,","    regexp: true,","    stupid: true","*/","(function () {","    'use strict';","    var local;","","","","    // run shared js-env code - pre-init","    (function () {","        // init local","        local = {};","        // init modeJs","        local.modeJs = (function () {","            try {","                return typeof navigator.userAgent === 'string' &&","                    typeof document.querySelector('body') === 'object' &&","                    typeof XMLHttpRequest.prototype.open === 'function' &&","                    'browser';","            } catch (errorCaughtBrowser) {","                return module.exports &&","                    typeof process.versions.node === 'string' &&","                    typeof require('http').createServer === 'function' &&","                    'node';","            }","        }());","        // init global","        local.global = local.modeJs === 'browser'","            ? window","            : global;","        // init utility2_rollup","        local = local.global.utility2_rollup || local;","        // init lib","        local.local = local.npmtest_mongoosastic = local;","        // init exports","        if (local.modeJs === 'browser') {","            local.global.utility2_npmtest_mongoosastic = local;","        } else {","            module.exports = local;","            module.exports.__dirname = __dirname;","            module.exports.module = module;","        }","    }());","}());",""],"l":{"12":2,"14":2,"19":2,"21":2,"23":2,"24":2,"25":2,"30":1,"37":2,"41":2,"43":2,"45":2,"46":1,"48":1,"49":1,"50":1}},"/home/travis/build/npmtest/node-npmtest-mongoosastic/example.js":{"path":"/home/travis/build/npmtest/node-npmtest-mongoosastic/example.js","s":{"1":2,"2":2,"3":2,"4":2,"5":2,"6":2,"7":2,"8":1,"9":2,"10":2,"11":2,"12":2,"13":1,"14":2,"15":2,"16":2,"17":2,"18":2,"19":0,"20":2,"21":1,"22":1,"23":1,"24":1,"25":1,"26":0,"27":0,"28":1,"29":1,"30":2,"31":0,"32":0,"33":0,"34":1,"35":2,"36":2,"37":3,"38":3,"39":3,"40":3,"41":0,"42":3,"43":3,"44":3,"45":1,"46":3,"47":1,"48":1,"49":1,"50":1,"51":1,"52":1,"53":1,"54":1,"55":1,"56":1,"57":0,"58":1,"59":6,"60":6,"61":1,"62":2,"63":0,"64":2,"65":1,"66":1,"67":0,"68":0,"69":0,"70":0,"71":0,"72":0,"73":0,"74":0,"75":0,"76":0,"77":0,"78":0,"79":0,"80":0,"81":0,"82":0,"83":0},"b":{"1":[2,1,1,1],"2":[1,1,1,1],"3":[1,1],"4":[2,2],"5":[1,1],"6":[1,1],"7":[2,0],"8":[2,1,1,1,1,1],"9":[0,2,0],"10":[1,1],"11":[2,1,1],"12":[1,0],"13":[0,2],"14":[2,0,0,0,0,0,0],"15":[0,3],"16":[3,0],"17":[1,1],"18":[0,1],"19":[1,2,0,2],"20":[1,0],"21":[1,1],"22":[0,0],"23":[0,0],"24":[0,0],"25":[0,0],"26":[0,0],"27":[0,0],"28":[0,0]},"f":{"1":2,"2":2,"3":2,"4":2,"5":2,"6":2,"7":3,"8":3,"9":3,"10":1,"11":6,"12":0},"fnMap":{"1":{"name":"(anonymous_1)","line":26,"loc":{"start":{"line":26,"column":1},"end":{"line":26,"column":13}}},"2":{"name":"(anonymous_2)","line":33,"loc":{"start":{"line":33,"column":5},"end":{"line":33,"column":17}}},"3":{"name":"(anonymous_3)","line":37,"loc":{"start":{"line":37,"column":24},"end":{"line":37,"column":36}}},"4":{"name":"(anonymous_4)","line":69,"loc":{"start":{"line":69,"column":31},"end":{"line":69,"column":48}},"skip":true},"5":{"name":"(anonymous_5)","line":78,"loc":{"start":{"line":78,"column":26},"end":{"line":78,"column":45}},"skip":true},"6":{"name":"(anonymous_6)","line":123,"loc":{"start":{"line":123,"column":33},"end":{"line":123,"column":48}},"skip":true},"7":{"name":"(anonymous_7)","line":125,"loc":{"start":{"line":125,"column":27},"end":{"line":125,"column":39}},"skip":true},"8":{"name":"(anonymous_8)","line":133,"loc":{"start":{"line":133,"column":59},"end":{"line":133,"column":74}},"skip":true},"9":{"name":"(anonymous_9)","line":143,"loc":{"start":{"line":143,"column":45},"end":{"line":143,"column":62}},"skip":true},"10":{"name":"(anonymous_10)","line":144,"loc":{"start":{"line":144,"column":73},"end":{"line":144,"column":92}},"skip":true},"11":{"name":"(anonymous_11)","line":272,"loc":{"start":{"line":272,"column":51},"end":{"line":272,"column":77}},"skip":true},"12":{"name":"(anonymous_12)","line":315,"loc":{"start":{"line":315,"column":32},"end":{"line":315,"column":61}},"skip":true}},"statementMap":{"1":{"start":{"line":26,"column":0},"end":{"line":326,"column":5}},"2":{"start":{"line":28,"column":4},"end":{"line":28,"column":14}},"3":{"start":{"line":33,"column":4},"end":{"line":60,"column":9}},"4":{"start":{"line":35,"column":8},"end":{"line":35,"column":19}},"5":{"start":{"line":37,"column":8},"end":{"line":49,"column":13}},"6":{"start":{"line":38,"column":12},"end":{"line":48,"column":13}},"7":{"start":{"line":39,"column":16},"end":{"line":42,"column":30}},"8":{"start":{"line":44,"column":16},"end":{"line":47,"column":27}},"9":{"start":{"line":51,"column":8},"end":{"line":53,"column":21}},"10":{"start":{"line":55,"column":8},"end":{"line":57,"column":45}},"11":{"start":{"line":59,"column":8},"end":{"line":59,"column":35}},"12":{"start":{"line":61,"column":4},"end":{"line":325,"column":5}},"13":{"start":{"line":69,"column":8},"end":{"line":121,"column":10},"skip":true},"14":{"start":{"line":70,"column":12},"end":{"line":88,"column":13},"skip":true},"15":{"start":{"line":76,"column":16},"end":{"line":87,"column":19},"skip":true},"16":{"start":{"line":79,"column":20},"end":{"line":86,"column":21},"skip":true},"17":{"start":{"line":82,"column":24},"end":{"line":82,"column":43},"skip":true},"18":{"start":{"line":83,"column":24},"end":{"line":83,"column":30},"skip":true},"19":{"start":{"line":85,"column":24},"end":{"line":85,"column":49},"skip":true},"20":{"start":{"line":89,"column":12},"end":{"line":107,"column":13},"skip":true},"21":{"start":{"line":92,"column":16},"end":{"line":102,"column":17},"skip":true},"22":{"start":{"line":93,"column":20},"end":{"line":93,"column":86},"skip":true},"23":{"start":{"line":94,"column":20},"end":{"line":95,"column":45},"skip":true},"24":{"start":{"line":96,"column":20},"end":{"line":96,"column":42},"skip":true},"25":{"start":{"line":97,"column":20},"end":{"line":97,"column":48},"skip":true},"26":{"start":{"line":100,"column":20},"end":{"line":100,"column":85},"skip":true},"27":{"start":{"line":101,"column":20},"end":{"line":101,"column":96},"skip":true},"28":{"start":{"line":103,"column":16},"end":{"line":103,"column":22},"skip":true},"29":{"start":{"line":106,"column":16},"end":{"line":106,"column":22},"skip":true},"30":{"start":{"line":108,"column":12},"end":{"line":120,"column":13},"skip":true},"31":{"start":{"line":114,"column":16},"end":{"line":119,"column":17},"skip":true},"32":{"start":{"line":116,"column":20},"end":{"line":116,"column":78},"skip":true},"33":{"start":{"line":118,"column":20},"end":{"line":118,"column":47},"skip":true},"34":{"start":{"line":123,"column":8},"end":{"line":141,"column":11},"skip":true},"35":{"start":{"line":124,"column":12},"end":{"line":124,"column":54},"skip":true},"36":{"start":{"line":125,"column":12},"end":{"line":140,"column":14},"skip":true},"37":{"start":{"line":126,"column":16},"end":{"line":126,"column":28},"skip":true},"38":{"start":{"line":127,"column":16},"end":{"line":127,"column":69},"skip":true},"39":{"start":{"line":128,"column":16},"end":{"line":128,"column":75},"skip":true},"40":{"start":{"line":129,"column":16},"end":{"line":131,"column":17},"skip":true},"41":{"start":{"line":130,"column":20},"end":{"line":130,"column":27},"skip":true},"42":{"start":{"line":133,"column":16},"end":{"line":137,"column":36},"skip":true},"43":{"start":{"line":134,"column":20},"end":{"line":136,"column":55},"skip":true},"44":{"start":{"line":139,"column":16},"end":{"line":139,"column":57},"skip":true},"45":{"start":{"line":143,"column":8},"end":{"line":147,"column":11},"skip":true},"46":{"start":{"line":144,"column":12},"end":{"line":146,"column":15},"skip":true},"47":{"start":{"line":145,"column":16},"end":{"line":145,"column":70},"skip":true},"48":{"start":{"line":149,"column":8},"end":{"line":149,"column":31},"skip":true},"49":{"start":{"line":150,"column":8},"end":{"line":150,"column":14},"skip":true},"50":{"start":{"line":158,"column":8},"end":{"line":158,"column":31},"skip":true},"51":{"start":{"line":160,"column":8},"end":{"line":160,"column":33},"skip":true},"52":{"start":{"line":161,"column":8},"end":{"line":161,"column":37},"skip":true},"53":{"start":{"line":162,"column":8},"end":{"line":162,"column":35},"skip":true},"54":{"start":{"line":164,"column":8},"end":{"line":164,"column":50},"skip":true},"55":{"start":{"line":166,"column":8},"end":{"line":256,"column":2},"skip":true},"56":{"start":{"line":258,"column":8},"end":{"line":286,"column":9},"skip":true},"57":{"start":{"line":259,"column":12},"end":{"line":269,"column":14},"skip":true},"58":{"start":{"line":271,"column":12},"end":{"line":285,"column":19},"skip":true},"59":{"start":{"line":274,"column":20},"end":{"line":274,"column":35},"skip":true},"60":{"start":{"line":275,"column":20},"end":{"line":284,"column":21},"skip":true},"61":{"start":{"line":277,"column":24},"end":{"line":277,"column":64},"skip":true},"62":{"start":{"line":279,"column":24},"end":{"line":279,"column":40},"skip":true},"63":{"start":{"line":281,"column":24},"end":{"line":281,"column":40},"skip":true},"64":{"start":{"line":283,"column":24},"end":{"line":283,"column":39},"skip":true},"65":{"start":{"line":288,"column":8},"end":{"line":290,"column":9},"skip":true},"66":{"start":{"line":289,"column":12},"end":{"line":289,"column":18},"skip":true},"67":{"start":{"line":291,"column":8},"end":{"line":293,"column":54},"skip":true},"68":{"start":{"line":296,"column":8},"end":{"line":301,"column":37},"skip":true},"69":{"start":{"line":303,"column":8},"end":{"line":303,"column":82},"skip":true},"70":{"start":{"line":306,"column":8},"end":{"line":308,"column":9},"skip":true},"71":{"start":{"line":307,"column":12},"end":{"line":307,"column":82},"skip":true},"72":{"start":{"line":310,"column":8},"end":{"line":312,"column":9},"skip":true},"73":{"start":{"line":311,"column":12},"end":{"line":311,"column":18},"skip":true},"74":{"start":{"line":313,"column":8},"end":{"line":313,"column":54},"skip":true},"75":{"start":{"line":314,"column":8},"end":{"line":314,"column":69},"skip":true},"76":{"start":{"line":315,"column":8},"end":{"line":323,"column":36},"skip":true},"77":{"start":{"line":316,"column":12},"end":{"line":316,"column":61},"skip":true},"78":{"start":{"line":317,"column":12},"end":{"line":320,"column":13},"skip":true},"79":{"start":{"line":318,"column":16},"end":{"line":318,"column":75},"skip":true},"80":{"start":{"line":319,"column":16},"end":{"line":319,"column":23},"skip":true},"81":{"start":{"line":321,"column":12},"end":{"line":321,"column":38},"skip":true},"82":{"start":{"line":322,"column":12},"end":{"line":322,"column":27},"skip":true},"83":{"start":{"line":324,"column":8},"end":{"line":324,"column":14},"skip":true}},"branchMap":{"1":{"line":39,"type":"binary-expr","locations":[{"start":{"line":39,"column":23},"end":{"line":39,"column":62}},{"start":{"line":40,"column":20},"end":{"line":40,"column":70}},{"start":{"line":41,"column":20},"end":{"line":41,"column":71}},{"start":{"line":42,"column":20},"end":{"line":42,"column":29}}]},"2":{"line":44,"type":"binary-expr","locations":[{"start":{"line":44,"column":23},"end":{"line":44,"column":37}},{"start":{"line":45,"column":20},"end":{"line":45,"column":61}},{"start":{"line":46,"column":20},"end":{"line":46,"column":70}},{"start":{"line":47,"column":20},"end":{"line":47,"column":26}}]},"3":{"line":51,"type":"cond-expr","locations":[{"start":{"line":52,"column":14},"end":{"line":52,"column":20}},{"start":{"line":53,"column":14},"end":{"line":53,"column":20}}]},"4":{"line":55,"type":"binary-expr","locations":[{"start":{"line":55,"column":16},"end":{"line":55,"column":44}},{"start":{"line":55,"column":49},"end":{"line":57,"column":43}}]},"5":{"line":55,"type":"cond-expr","locations":[{"start":{"line":56,"column":14},"end":{"line":56,"column":56}},{"start":{"line":57,"column":14},"end":{"line":57,"column":43}}]},"6":{"line":61,"type":"switch","locations":[{"start":{"line":68,"column":4},"end":{"line":150,"column":14},"skip":true},{"start":{"line":156,"column":4},"end":{"line":324,"column":14},"skip":true}]},"7":{"line":70,"type":"if","locations":[{"start":{"line":70,"column":12},"end":{"line":70,"column":12},"skip":true},{"start":{"line":70,"column":12},"end":{"line":70,"column":12},"skip":true}]},"8":{"line":70,"type":"binary-expr","locations":[{"start":{"line":70,"column":16},"end":{"line":70,"column":22},"skip":true},{"start":{"line":70,"column":27},"end":{"line":70,"column":32},"skip":true},{"start":{"line":71,"column":20},"end":{"line":71,"column":39},"skip":true},{"start":{"line":72,"column":20},"end":{"line":72,"column":49},"skip":true},{"start":{"line":73,"column":20},"end":{"line":73,"column":58},"skip":true},{"start":{"line":74,"column":20},"end":{"line":74,"column":69},"skip":true}]},"9":{"line":79,"type":"switch","locations":[{"start":{"line":80,"column":20},"end":{"line":80,"column":33},"skip":true},{"start":{"line":81,"column":20},"end":{"line":83,"column":30},"skip":true},{"start":{"line":84,"column":20},"end":{"line":85,"column":49},"skip":true}]},"10":{"line":89,"type":"switch","locations":[{"start":{"line":90,"column":12},"end":{"line":103,"column":22},"skip":true},{"start":{"line":105,"column":12},"end":{"line":106,"column":22},"skip":true}]},"11":{"line":89,"type":"binary-expr","locations":[{"start":{"line":89,"column":20},"end":{"line":89,"column":25},"skip":true},{"start":{"line":89,"column":29},"end":{"line":89,"column":48},"skip":true},{"start":{"line":89,"column":52},"end":{"line":89,"column":74},"skip":true}]},"12":{"line":92,"type":"if","locations":[{"start":{"line":92,"column":16},"end":{"line":92,"column":16},"skip":true},{"start":{"line":92,"column":16},"end":{"line":92,"column":16},"skip":true}]},"13":{"line":108,"type":"if","locations":[{"start":{"line":108,"column":12},"end":{"line":108,"column":12},"skip":true},{"start":{"line":108,"column":12},"end":{"line":108,"column":12},"skip":true}]},"14":{"line":108,"type":"binary-expr","locations":[{"start":{"line":108,"column":16},"end":{"line":108,"column":61},"skip":true},{"start":{"line":108,"column":66},"end":{"line":108,"column":72},"skip":true},{"start":{"line":108,"column":77},"end":{"line":108,"column":82},"skip":true},{"start":{"line":109,"column":20},"end":{"line":109,"column":39},"skip":true},{"start":{"line":110,"column":20},"end":{"line":110,"column":49},"skip":true},{"start":{"line":111,"column":20},"end":{"line":111,"column":58},"skip":true},{"start":{"line":112,"column":20},"end":{"line":112,"column":68},"skip":true}]},"15":{"line":129,"type":"if","locations":[{"start":{"line":129,"column":16},"end":{"line":129,"column":16},"skip":true},{"start":{"line":129,"column":16},"end":{"line":129,"column":16},"skip":true}]},"16":{"line":134,"type":"cond-expr","locations":[{"start":{"line":135,"column":26},"end":{"line":135,"column":29},"skip":true},{"start":{"line":136,"column":26},"end":{"line":136,"column":54},"skip":true}]},"17":{"line":164,"type":"binary-expr","locations":[{"start":{"line":164,"column":27},"end":{"line":164,"column":43},"skip":true},{"start":{"line":164,"column":47},"end":{"line":164,"column":49},"skip":true}]},"18":{"line":258,"type":"if","locations":[{"start":{"line":258,"column":8},"end":{"line":258,"column":8},"skip":true},{"start":{"line":258,"column":8},"end":{"line":258,"column":8},"skip":true}]},"19":{"line":275,"type":"switch","locations":[{"start":{"line":276,"column":20},"end":{"line":277,"column":64},"skip":true},{"start":{"line":278,"column":20},"end":{"line":279,"column":40},"skip":true},{"start":{"line":280,"column":20},"end":{"line":281,"column":40},"skip":true},{"start":{"line":282,"column":20},"end":{"line":283,"column":39},"skip":true}]},"20":{"line":288,"type":"if","locations":[{"start":{"line":288,"column":8},"end":{"line":288,"column":8},"skip":true},{"start":{"line":288,"column":8},"end":{"line":288,"column":8},"skip":true}]},"21":{"line":288,"type":"binary-expr","locations":[{"start":{"line":288,"column":12},"end":{"line":288,"column":40},"skip":true},{"start":{"line":288,"column":44},"end":{"line":288,"column":67},"skip":true}]},"22":{"line":292,"type":"binary-expr","locations":[{"start":{"line":292,"column":12},"end":{"line":292,"column":50},"skip":true},{"start":{"line":293,"column":12},"end":{"line":293,"column":53},"skip":true}]},"23":{"line":297,"type":"binary-expr","locations":[{"start":{"line":297,"column":12},"end":{"line":297,"column":70},"skip":true},{"start":{"line":298,"column":12},"end":{"line":301,"column":36},"skip":true}]},"24":{"line":303,"type":"binary-expr","locations":[{"start":{"line":303,"column":43},"end":{"line":303,"column":75},"skip":true},{"start":{"line":303,"column":79},"end":{"line":303,"column":81},"skip":true}]},"25":{"line":306,"type":"if","locations":[{"start":{"line":306,"column":8},"end":{"line":306,"column":8},"skip":true},{"start":{"line":306,"column":8},"end":{"line":306,"column":8},"skip":true}]},"26":{"line":310,"type":"if","locations":[{"start":{"line":310,"column":8},"end":{"line":310,"column":8},"skip":true},{"start":{"line":310,"column":8},"end":{"line":310,"column":8},"skip":true}]},"27":{"line":313,"type":"binary-expr","locations":[{"start":{"line":313,"column":27},"end":{"line":313,"column":43},"skip":true},{"start":{"line":313,"column":47},"end":{"line":313,"column":53},"skip":true}]},"28":{"line":317,"type":"if","locations":[{"start":{"line":317,"column":12},"end":{"line":317,"column":12},"skip":true},{"start":{"line":317,"column":12},"end":{"line":317,"column":12},"skip":true}]}},"code":["/*","example.js","","quickstart example","","instruction","    1. save this script as example.js","    2. run the shell command:","        $ npm install npmtest-mongoosastic && PORT=8081 node example.js","    3. play with the browser-demo on http://127.0.0.1:8081","*/","","","","/* istanbul instrument in package npmtest_mongoosastic */","/*jslint","    bitwise: true,","    browser: true,","    maxerr: 8,","    maxlen: 96,","    node: true,","    nomen: true,","    regexp: true,","    stupid: true","*/","(function () {","    'use strict';","    var local;","","","","    // run shared js-env code - pre-init","    (function () {","        // init local","        local = {};","        // init modeJs","        local.modeJs = (function () {","            try {","                return typeof navigator.userAgent === 'string' &&","                    typeof document.querySelector('body') === 'object' &&","                    typeof XMLHttpRequest.prototype.open === 'function' &&","                    'browser';","            } catch (errorCaughtBrowser) {","                return module.exports &&","                    typeof process.versions.node === 'string' &&","                    typeof require('http').createServer === 'function' &&","                    'node';","            }","        }());","        // init global","        local.global = local.modeJs === 'browser'","            ? window","            : global;","        // init utility2_rollup","        local = local.global.utility2_rollup || (local.modeJs === 'browser'","            ? local.global.utility2_npmtest_mongoosastic","            : global.utility2_moduleExports);","        // export local","        local.global.local = local;","    }());","    switch (local.modeJs) {","","","","    // post-init","    // run browser js-env code - post-init","    /* istanbul ignore next */","    case 'browser':","        local.testRunBrowser = function (event) {","            if (!event || (event &&","                    event.currentTarget &&","                    event.currentTarget.className &&","                    event.currentTarget.className.includes &&","                    event.currentTarget.className.includes('onreset'))) {","                // reset output","                Array.from(","                    document.querySelectorAll('body > .resettable')","                ).forEach(function (element) {","                    switch (element.tagName) {","                    case 'INPUT':","                    case 'TEXTAREA':","                        element.value = '';","                        break;","                    default:","                        element.textContent = '';","                    }","                });","            }","            switch (event && event.currentTarget && event.currentTarget.id) {","            case 'testRunButton1':","                // show tests","                if (document.querySelector('#testReportDiv1').style.display === 'none') {","                    document.querySelector('#testReportDiv1').style.display = 'block';","                    document.querySelector('#testRunButton1').textContent =","                        'hide internal test';","                    local.modeTest = true;","                    local.testRunDefault(local);","                // hide tests","                } else {","                    document.querySelector('#testReportDiv1').style.display = 'none';","                    document.querySelector('#testRunButton1').textContent = 'run internal test';","                }","                break;","            // custom-case","            default:","                break;","            }","            if (document.querySelector('#inputTextareaEval1') && (!event || (event &&","                    event.currentTarget &&","                    event.currentTarget.className &&","                    event.currentTarget.className.includes &&","                    event.currentTarget.className.includes('oneval')))) {","                // try to eval input-code","                try {","                    /*jslint evil: true*/","                    eval(document.querySelector('#inputTextareaEval1').value);","                } catch (errorCaught) {","                    console.error(errorCaught);","                }","            }","        };","        // log stderr and stdout to #outputTextareaStdout1","        ['error', 'log'].forEach(function (key) {","            console[key + '_original'] = console[key];","            console[key] = function () {","                var element;","                console[key + '_original'].apply(console, arguments);","                element = document.querySelector('#outputTextareaStdout1');","                if (!element) {","                    return;","                }","                // append text to #outputTextareaStdout1","                element.value += Array.from(arguments).map(function (arg) {","                    return typeof arg === 'string'","                        ? arg","                        : JSON.stringify(arg, null, 4);","                }).join(' ') + '\\n';","                // scroll textarea to bottom","                element.scrollTop = element.scrollHeight;","            };","        });","        // init event-handling","        ['change', 'click', 'keyup'].forEach(function (event) {","            Array.from(document.querySelectorAll('.on' + event)).forEach(function (element) {","                element.addEventListener(event, local.testRunBrowser);","            });","        });","        // run tests","        local.testRunBrowser();","        break;","","","","    // run node js-env code - post-init","    /* istanbul ignore next */","    case 'node':","        // export local","        module.exports = local;","        // require modules","        local.fs = require('fs');","        local.http = require('http');","        local.url = require('url');","        // init assets","        local.assetsDict = local.assetsDict || {};","        /* jslint-ignore-begin */","        local.assetsDict['/assets.index.template.html'] = '\\","<!doctype html>\\n\\","<html lang=\"en\">\\n\\","<head>\\n\\","<meta charset=\"UTF-8\">\\n\\","<meta name=\"viewport\" content=\"width=device-width, initial-scale=1\">\\n\\","<title>{{env.npm_package_name}} (v{{env.npm_package_version}})</title>\\n\\","<style>\\n\\","/*csslint\\n\\","    box-sizing: false,\\n\\","    universal-selector: false\\n\\","*/\\n\\","* {\\n\\","    box-sizing: border-box;\\n\\","}\\n\\","body {\\n\\","    background: #dde;\\n\\","    font-family: Arial, Helvetica, sans-serif;\\n\\","    margin: 2rem;\\n\\","}\\n\\","body > * {\\n\\","    margin-bottom: 1rem;\\n\\","}\\n\\",".utility2FooterDiv {\\n\\","    margin-top: 20px;\\n\\","    text-align: center;\\n\\","}\\n\\","</style>\\n\\","<style>\\n\\","/*csslint\\n\\","*/\\n\\","textarea {\\n\\","    font-family: monospace;\\n\\","    height: 10rem;\\n\\","    width: 100%;\\n\\","}\\n\\","textarea[readonly] {\\n\\","    background: #ddd;\\n\\","}\\n\\","</style>\\n\\","</head>\\n\\","<body>\\n\\","<!-- utility2-comment\\n\\","<div id=\"ajaxProgressDiv1\" style=\"background: #d00; height: 2px; left: 0; margin: 0; padding: 0; position: fixed; top: 0; transition: background 0.5s, width 1.5s; width: 25%;\"></div>\\n\\","utility2-comment -->\\n\\","<h1>\\n\\","<!-- utility2-comment\\n\\","    <a\\n\\","        {{#if env.npm_package_homepage}}\\n\\","        href=\"{{env.npm_package_homepage}}\"\\n\\","        {{/if env.npm_package_homepage}}\\n\\","        target=\"_blank\"\\n\\","    >\\n\\","utility2-comment -->\\n\\","        {{env.npm_package_name}} (v{{env.npm_package_version}})\\n\\","<!-- utility2-comment\\n\\","    </a>\\n\\","utility2-comment -->\\n\\","</h1>\\n\\","<h3>{{env.npm_package_description}}</h3>\\n\\","<!-- utility2-comment\\n\\","<h4><a download href=\"assets.app.js\">download standalone app</a></h4>\\n\\","<button class=\"onclick onreset\" id=\"testRunButton1\">run internal test</button><br>\\n\\","<div id=\"testReportDiv1\" style=\"display: none;\"></div>\\n\\","utility2-comment -->\\n\\","\\n\\","\\n\\","\\n\\","<label>stderr and stdout</label>\\n\\","<textarea class=\"resettable\" id=\"outputTextareaStdout1\" readonly></textarea>\\n\\","<!-- utility2-comment\\n\\","{{#if isRollup}}\\n\\","<script src=\"assets.app.js\"></script>\\n\\","{{#unless isRollup}}\\n\\","utility2-comment -->\\n\\","<script src=\"assets.utility2.rollup.js\"></script>\\n\\","<script src=\"jsonp.utility2._stateInit?callback=window.utility2._stateInit\"></script>\\n\\","<script src=\"assets.npmtest_mongoosastic.rollup.js\"></script>\\n\\","<script src=\"assets.example.js\"></script>\\n\\","<script src=\"assets.test.js\"></script>\\n\\","<!-- utility2-comment\\n\\","{{/if isRollup}}\\n\\","utility2-comment -->\\n\\","<div class=\"utility2FooterDiv\">\\n\\","    [ this app was created with\\n\\","    <a href=\"https://github.com/kaizhu256/node-utility2\" target=\"_blank\">utility2</a>\\n\\","    ]\\n\\","</div>\\n\\","</body>\\n\\","</html>\\n\\","';","        /* jslint-ignore-end */","        if (local.templateRender) {","            local.assetsDict['/'] = local.templateRender(","                local.assetsDict['/assets.index.template.html'],","                {","                    env: local.objectSetDefault(local.env, {","                        npm_package_description: 'the greatest app in the world!',","                        npm_package_name: 'my-app',","                        npm_package_nameAlias: 'my_app',","                        npm_package_version: '0.0.1'","                    })","                }","            );","        } else {","            local.assetsDict['/'] = local.assetsDict['/assets.index.template.html']","                .replace((/\\{\\{env\\.(\\w+?)\\}\\}/g), function (match0, match1) {","                    // jslint-hack","                    String(match0);","                    switch (match1) {","                    case 'npm_package_description':","                        return 'the greatest app in the world!';","                    case 'npm_package_name':","                        return 'my-app';","                    case 'npm_package_nameAlias':","                        return 'my_app';","                    case 'npm_package_version':","                        return '0.0.1';","                    }","                });","        }","        // run the cli","        if (local.global.utility2_rollup || module !== require.main) {","            break;","        }","        local.assetsDict['/assets.example.js'] =","            local.assetsDict['/assets.example.js'] ||","            local.fs.readFileSync(__filename, 'utf8');","        // bug-workaround - long $npm_package_buildCustomOrg","        /* jslint-ignore-begin */","        local.assetsDict['/assets.npmtest_mongoosastic.rollup.js'] =","            local.assetsDict['/assets.npmtest_mongoosastic.rollup.js'] ||","            local.fs.readFileSync(","                local.npmtest_mongoosastic.__dirname + '/lib.npmtest_mongoosastic.js',","                'utf8'","            ).replace((/^#!/), '//');","        /* jslint-ignore-end */","        local.assetsDict['/favicon.ico'] = local.assetsDict['/favicon.ico'] || '';","        // if $npm_config_timeout_exit exists,","        // then exit this process after $npm_config_timeout_exit ms","        if (Number(process.env.npm_config_timeout_exit)) {","            setTimeout(process.exit, Number(process.env.npm_config_timeout_exit));","        }","        // start server","        if (local.global.utility2_serverHttp1) {","            break;","        }","        process.env.PORT = process.env.PORT || '8081';","        console.error('server starting on port ' + process.env.PORT);","        local.http.createServer(function (request, response) {","            request.urlParsed = local.url.parse(request.url);","            if (local.assetsDict[request.urlParsed.pathname] !== undefined) {","                response.end(local.assetsDict[request.urlParsed.pathname]);","                return;","            }","            response.statusCode = 404;","            response.end();","        }).listen(process.env.PORT);","        break;","    }","}());",""],"l":{"26":2,"28":2,"33":2,"35":2,"37":2,"38":2,"39":2,"44":1,"51":2,"55":2,"59":2,"61":2,"69":1,"70":2,"76":2,"79":2,"82":2,"83":2,"85":1,"89":2,"92":1,"93":1,"94":1,"96":1,"97":1,"100":1,"101":1,"103":1,"106":1,"108":2,"114":1,"116":1,"118":1,"123":1,"124":2,"125":2,"126":3,"127":3,"128":3,"129":3,"130":1,"133":3,"134":3,"139":3,"143":1,"144":3,"145":1,"149":1,"150":1,"158":1,"160":1,"161":1,"162":1,"164":1,"166":1,"258":1,"259":1,"271":1,"274":6,"275":6,"277":1,"279":2,"281":1,"283":2,"288":1,"289":1,"291":1,"296":1,"303":1,"306":1,"307":1,"310":1,"311":1,"313":1,"314":1,"315":1,"316":1,"317":1,"318":1,"319":1,"321":1,"322":1,"324":1}},"/home/travis/build/npmtest/node-npmtest-mongoosastic/node_modules/mongoosastic/lib/mongoosastic.js":{"path":"/home/travis/build/npmtest/node-npmtest-mongoosastic/node_modules/mongoosastic/lib/mongoosastic.js","s":{"1":1,"2":1,"3":1,"4":1,"5":1,"6":1,"7":1,"8":1,"9":0,"10":1,"11":0,"12":0,"13":1,"14":0,"15":0,"16":0,"17":0,"18":0,"19":1,"20":0,"21":0,"22":0,"23":0,"24":0,"25":0,"26":1,"27":0,"28":0,"29":0,"30":0,"31":0,"32":0,"33":0,"34":0,"35":0,"36":0,"37":0,"38":0,"39":0,"40":0,"41":0,"42":0,"43":0,"44":0,"45":0,"46":0,"47":0,"48":1,"49":0,"50":0,"51":0,"52":0,"53":0,"54":0,"55":0,"56":0,"57":0,"58":0,"59":0,"60":0,"61":0,"62":0,"63":0,"64":0,"65":0,"66":0,"67":0,"68":0,"69":0,"70":0,"71":0,"72":0,"73":0,"74":0,"75":0,"76":0,"77":0,"78":0,"79":0,"80":0,"81":0,"82":0,"83":0,"84":0,"85":1,"86":0,"87":0,"88":0,"89":0,"90":0,"91":0,"92":0,"93":0,"94":0,"95":0,"96":0,"97":0,"98":0,"99":0,"100":0,"101":0,"102":1,"103":0,"104":0,"105":0,"106":0,"107":0,"108":0,"109":0,"110":0,"111":0,"112":0,"113":0,"114":0,"115":0,"116":0,"117":0,"118":0,"119":0,"120":0,"121":0,"122":0,"123":0,"124":1,"125":0,"126":0,"127":0,"128":0,"129":0,"130":1,"131":0,"132":1,"133":0,"134":0,"135":0,"136":0,"137":0,"138":0,"139":0,"140":0,"141":0,"142":0,"143":0,"144":1,"145":0,"146":0,"147":1,"148":0,"149":0,"150":0,"151":0,"152":0,"153":0,"154":0,"155":0,"156":0,"157":0,"158":1,"159":0,"160":0,"161":1,"162":0,"163":0,"164":0,"165":0,"166":0,"167":0,"168":0,"169":0,"170":0,"171":0,"172":0,"173":0,"174":0,"175":0,"176":0,"177":0,"178":0,"179":0,"180":0,"181":0,"182":0,"183":0,"184":0,"185":0,"186":0,"187":0,"188":0,"189":0,"190":0,"191":0,"192":0,"193":0,"194":0,"195":0,"196":0,"197":0,"198":0,"199":0,"200":0,"201":0,"202":0,"203":0,"204":0,"205":0,"206":0,"207":0,"208":0,"209":0,"210":0,"211":0,"212":0,"213":0,"214":0,"215":0,"216":0,"217":0,"218":0,"219":0,"220":0,"221":0,"222":0,"223":0,"224":0,"225":0,"226":0,"227":0,"228":0,"229":0,"230":0,"231":0,"232":0,"233":0,"234":0,"235":0,"236":0,"237":0,"238":0,"239":0,"240":0,"241":0,"242":0,"243":0,"244":0,"245":0,"246":0,"247":0,"248":0,"249":0,"250":0,"251":0,"252":0,"253":0,"254":0,"255":0,"256":0,"257":0,"258":0,"259":1,"260":0,"261":0,"262":0,"263":0,"264":0,"265":0,"266":0,"267":0,"268":0,"269":0,"270":0,"271":0,"272":0,"273":0,"274":0,"275":0,"276":0,"277":0,"278":0,"279":0,"280":0,"281":0,"282":0,"283":0,"284":0,"285":0,"286":0,"287":0,"288":0,"289":0,"290":0,"291":0,"292":0,"293":0,"294":0,"295":0,"296":0,"297":0,"298":0,"299":0,"300":0,"301":0,"302":0,"303":0,"304":0,"305":0,"306":0,"307":0,"308":0,"309":0,"310":0,"311":0,"312":0,"313":0,"314":0,"315":0,"316":0,"317":0,"318":0,"319":0,"320":0,"321":0,"322":0,"323":0,"324":0,"325":0,"326":0,"327":0,"328":0,"329":0,"330":0,"331":0,"332":0,"333":0,"334":0,"335":0,"336":0,"337":0,"338":0,"339":0,"340":0,"341":0,"342":0,"343":0,"344":0,"345":0,"346":0,"347":0,"348":0,"349":0,"350":0,"351":0,"352":0,"353":1,"354":0,"355":0,"356":0,"357":0,"358":0,"359":0,"360":0,"361":0,"362":0,"363":1,"364":0,"365":0,"366":0,"367":0,"368":0,"369":0,"370":0,"371":0,"372":0,"373":1},"b":{"1":[0,0],"2":[0,0],"3":[0,0],"4":[0,0],"5":[0,0],"6":[0,0],"7":[0,0],"8":[0,0],"9":[0,0],"10":[0,0],"11":[0,0],"12":[0,0],"13":[0,0],"14":[0,0],"15":[0,0],"16":[0,0],"17":[0,0],"18":[0,0],"19":[0,0],"20":[0,0],"21":[0,0],"22":[0,0],"23":[0,0],"24":[0,0],"25":[0,0],"26":[0,0],"27":[0,0],"28":[0,0],"29":[0,0],"30":[0,0],"31":[0,0],"32":[0,0],"33":[0,0],"34":[0,0],"35":[0,0],"36":[0,0],"37":[0,0],"38":[0,0],"39":[0,0],"40":[0,0],"41":[0,0],"42":[0,0],"43":[0,0],"44":[0,0],"45":[0,0],"46":[0,0],"47":[0,0],"48":[0,0],"49":[0,0],"50":[0,0],"51":[0,0],"52":[0,0],"53":[0,0],"54":[0,0,0],"55":[0,0],"56":[0,0,0],"57":[0,0],"58":[0,0],"59":[0,0],"60":[0,0],"61":[0,0],"62":[0,0],"63":[0,0],"64":[0,0],"65":[0,0],"66":[0,0],"67":[0,0],"68":[0,0],"69":[0,0],"70":[0,0],"71":[0,0],"72":[0,0],"73":[0,0],"74":[0,0],"75":[0,0],"76":[0,0],"77":[0,0],"78":[0,0],"79":[0,0],"80":[0,0],"81":[0,0],"82":[0,0],"83":[0,0],"84":[0,0],"85":[0,0],"86":[0,0],"87":[0,0],"88":[0,0],"89":[0,0],"90":[0,0,0],"91":[0,0,0],"92":[0,0,0],"93":[0,0],"94":[0,0],"95":[0,0],"96":[0,0],"97":[0,0],"98":[0,0],"99":[0,0],"100":[0,0],"101":[0,0],"102":[0,0],"103":[0,0,0],"104":[0,0],"105":[0,0],"106":[0,0],"107":[0,0],"108":[0,0],"109":[0,0],"110":[0,0],"111":[0,0],"112":[0,0],"113":[0,0],"114":[0,0],"115":[0,0],"116":[0,0],"117":[0,0],"118":[0,0],"119":[0,0],"120":[0,0],"121":[0,0],"122":[0,0],"123":[0,0],"124":[0,0],"125":[0,0],"126":[0,0],"127":[0,0],"128":[0,0]},"f":{"1":0,"2":0,"3":0,"4":0,"5":0,"6":0,"7":0,"8":0,"9":0,"10":0,"11":0,"12":0,"13":0,"14":0,"15":0,"16":0,"17":0,"18":0,"19":0,"20":0,"21":0,"22":0,"23":0,"24":0,"25":0,"26":0,"27":0,"28":0,"29":0,"30":0},"fnMap":{"1":{"name":"nop","line":9,"loc":{"start":{"line":9,"column":12},"end":{"line":9,"column":28}}},"2":{"name":"isString","line":11,"loc":{"start":{"line":11,"column":0},"end":{"line":11,"column":28}}},"3":{"name":"isStringArray","line":15,"loc":{"start":{"line":15,"column":0},"end":{"line":15,"column":29}}},"4":{"name":"getMapping","line":19,"loc":{"start":{"line":19,"column":0},"end":{"line":19,"column":29}}},"5":{"name":"createEsClient","line":31,"loc":{"start":{"line":31,"column":0},"end":{"line":31,"column":34}}},"6":{"name":"createMappingIfNotPresent","line":51,"loc":{"start":{"line":51,"column":0},"end":{"line":51,"column":49}}},"7":{"name":"hydrate","line":101,"loc":{"start":{"line":101,"column":0},"end":{"line":101,"column":43}}},"8":{"name":"deleteByMongoId","line":170,"loc":{"start":{"line":170,"column":0},"end":{"line":170,"column":39}}},"9":{"name":"Mongoosastic","line":200,"loc":{"start":{"line":200,"column":0},"end":{"line":200,"column":43}}},"10":{"name":"setIndexNameIfUnset","line":229,"loc":{"start":{"line":229,"column":2},"end":{"line":229,"column":39}}},"11":{"name":"postSave","line":240,"loc":{"start":{"line":240,"column":2},"end":{"line":240,"column":26}}},"12":{"name":"onIndex","line":242,"loc":{"start":{"line":242,"column":4},"end":{"line":242,"column":32}}},"13":{"name":"clearBulkTimeout","line":265,"loc":{"start":{"line":265,"column":2},"end":{"line":265,"column":31}}},"14":{"name":"bulkAdd","line":270,"loc":{"start":{"line":270,"column":2},"end":{"line":270,"column":33}}},"15":{"name":"bulkDelete","line":290,"loc":{"start":{"line":290,"column":2},"end":{"line":290,"column":33}}},"16":{"name":"bulkIndex","line":302,"loc":{"start":{"line":302,"column":2},"end":{"line":302,"column":28}}},"17":{"name":"createMapping","line":326,"loc":{"start":{"line":326,"column":33},"end":{"line":326,"column":75}}},"18":{"name":"schemaIndex","line":350,"loc":{"start":{"line":350,"column":25},"end":{"line":350,"column":61}}},"19":{"name":"unIndex","line":407,"loc":{"start":{"line":407,"column":27},"end":{"line":407,"column":59}}},"20":{"name":"esTruncate","line":439,"loc":{"start":{"line":439,"column":30},"end":{"line":439,"column":65}}},"21":{"name":"synchronize","line":487,"loc":{"start":{"line":487,"column":31},"end":{"line":487,"column":70}}},"22":{"name":"close","line":493,"loc":{"start":{"line":493,"column":16},"end":{"line":493,"column":34}}},"23":{"name":"onIndex","line":516,"loc":{"start":{"line":516,"column":6},"end":{"line":516,"column":41}}},"24":{"name":"search","line":570,"loc":{"start":{"line":570,"column":26},"end":{"line":570,"column":66}}},"25":{"name":"(anonymous_25)","line":601,"loc":{"start":{"line":601,"column":28},"end":{"line":601,"column":61}}},"26":{"name":"esCount","line":670,"loc":{"start":{"line":670,"column":27},"end":{"line":670,"column":60}}},"27":{"name":"flush","line":695,"loc":{"start":{"line":695,"column":25},"end":{"line":695,"column":47}}},"28":{"name":"refresh","line":705,"loc":{"start":{"line":705,"column":27},"end":{"line":705,"column":59}}},"29":{"name":"postRemove","line":719,"loc":{"start":{"line":719,"column":2},"end":{"line":719,"column":28}}},"30":{"name":"setUpMiddlewareHooks","line":748,"loc":{"start":{"line":748,"column":2},"end":{"line":748,"column":43}}}},"statementMap":{"1":{"start":{"line":3,"column":0},"end":{"line":3,"column":46}},"2":{"start":{"line":4,"column":0},"end":{"line":4,"column":48}},"3":{"start":{"line":5,"column":0},"end":{"line":5,"column":33}},"4":{"start":{"line":6,"column":0},"end":{"line":6,"column":40}},"5":{"start":{"line":7,"column":0},"end":{"line":7,"column":32}},"6":{"start":{"line":8,"column":0},"end":{"line":8,"column":28}},"7":{"start":{"line":9,"column":0},"end":{"line":9,"column":30}},"8":{"start":{"line":11,"column":0},"end":{"line":13,"column":1}},"9":{"start":{"line":12,"column":2},"end":{"line":12,"column":36}},"10":{"start":{"line":15,"column":0},"end":{"line":17,"column":1}},"11":{"start":{"line":16,"column":2},"end":{"line":16,"column":91}},"12":{"start":{"line":16,"column":58},"end":{"line":16,"column":82}},"13":{"start":{"line":19,"column":0},"end":{"line":29,"column":1}},"14":{"start":{"line":20,"column":2},"end":{"line":20,"column":21}},"15":{"start":{"line":21,"column":2},"end":{"line":26,"column":4}},"16":{"start":{"line":22,"column":4},"end":{"line":24,"column":5}},"17":{"start":{"line":25,"column":4},"end":{"line":25,"column":24}},"18":{"start":{"line":28,"column":2},"end":{"line":28,"column":19}},"19":{"start":{"line":31,"column":0},"end":{"line":49,"column":1}},"20":{"start":{"line":32,"column":2},"end":{"line":32,"column":22}},"21":{"start":{"line":34,"column":2},"end":{"line":44,"column":3}},"22":{"start":{"line":35,"column":4},"end":{"line":35,"column":34}},"23":{"start":{"line":37,"column":4},"end":{"line":43,"column":5}},"24":{"start":{"line":46,"column":2},"end":{"line":46,"column":48}},"25":{"start":{"line":48,"column":2},"end":{"line":48,"column":44}},"26":{"start":{"line":51,"column":0},"end":{"line":99,"column":1}},"27":{"start":{"line":52,"column":2},"end":{"line":52,"column":31}},"28":{"start":{"line":53,"column":2},"end":{"line":53,"column":37}},"29":{"start":{"line":54,"column":2},"end":{"line":54,"column":35}},"30":{"start":{"line":55,"column":2},"end":{"line":55,"column":31}},"31":{"start":{"line":56,"column":2},"end":{"line":56,"column":35}},"32":{"start":{"line":57,"column":2},"end":{"line":57,"column":39}},"33":{"start":{"line":59,"column":2},"end":{"line":98,"column":4}},"34":{"start":{"line":60,"column":4},"end":{"line":60,"column":30}},"35":{"start":{"line":61,"column":4},"end":{"line":61,"column":39}},"36":{"start":{"line":63,"column":4},"end":{"line":67,"column":5}},"37":{"start":{"line":64,"column":6},"end":{"line":66,"column":8}},"38":{"start":{"line":65,"column":8},"end":{"line":65,"column":67}},"39":{"start":{"line":69,"column":4},"end":{"line":97,"column":6}},"40":{"start":{"line":72,"column":6},"end":{"line":74,"column":7}},"41":{"start":{"line":73,"column":8},"end":{"line":73,"column":22}},"42":{"start":{"line":76,"column":6},"end":{"line":82,"column":7}},"43":{"start":{"line":77,"column":8},"end":{"line":81,"column":14}},"44":{"start":{"line":83,"column":6},"end":{"line":96,"column":8}},"45":{"start":{"line":87,"column":8},"end":{"line":89,"column":9}},"46":{"start":{"line":88,"column":10},"end":{"line":88,"column":29}},"47":{"start":{"line":91,"column":8},"end":{"line":95,"column":14}},"48":{"start":{"line":101,"column":0},"end":{"line":168,"column":1}},"49":{"start":{"line":102,"column":2},"end":{"line":102,"column":26}},"50":{"start":{"line":103,"column":2},"end":{"line":103,"column":23}},"51":{"start":{"line":104,"column":2},"end":{"line":107,"column":4}},"52":{"start":{"line":105,"column":4},"end":{"line":105,"column":32}},"53":{"start":{"line":106,"column":4},"end":{"line":106,"column":21}},"54":{"start":{"line":109,"column":2},"end":{"line":113,"column":4}},"55":{"start":{"line":114,"column":2},"end":{"line":114,"column":47}},"56":{"start":{"line":118,"column":2},"end":{"line":120,"column":4}},"57":{"start":{"line":119,"column":4},"end":{"line":119,"column":41}},"58":{"start":{"line":122,"column":2},"end":{"line":167,"column":4}},"59":{"start":{"line":123,"column":4},"end":{"line":123,"column":12}},"60":{"start":{"line":124,"column":4},"end":{"line":124,"column":20}},"61":{"start":{"line":126,"column":4},"end":{"line":128,"column":5}},"62":{"start":{"line":127,"column":6},"end":{"line":127,"column":20}},"63":{"start":{"line":130,"column":4},"end":{"line":134,"column":5}},"64":{"start":{"line":131,"column":6},"end":{"line":131,"column":23}},"65":{"start":{"line":132,"column":6},"end":{"line":132,"column":24}},"66":{"start":{"line":133,"column":6},"end":{"line":133,"column":26}},"67":{"start":{"line":136,"column":4},"end":{"line":145,"column":5}},"68":{"start":{"line":138,"column":6},"end":{"line":138,"column":17}},"69":{"start":{"line":141,"column":6},"end":{"line":143,"column":8}},"70":{"start":{"line":142,"column":8},"end":{"line":142,"column":30}},"71":{"start":{"line":144,"column":6},"end":{"line":144,"column":60}},"72":{"start":{"line":144,"column":40},"end":{"line":144,"column":59}},"73":{"start":{"line":147,"column":4},"end":{"line":162,"column":5}},"74":{"start":{"line":148,"column":6},"end":{"line":161,"column":8}},"75":{"start":{"line":149,"column":8},"end":{"line":149,"column":39}},"76":{"start":{"line":150,"column":8},"end":{"line":152,"column":9}},"77":{"start":{"line":151,"column":10},"end":{"line":151,"column":54}},"78":{"start":{"line":153,"column":8},"end":{"line":160,"column":9}},"79":{"start":{"line":155,"column":10},"end":{"line":155,"column":43}},"80":{"start":{"line":156,"column":10},"end":{"line":159,"column":11}},"81":{"start":{"line":158,"column":12},"end":{"line":158,"column":40}},"82":{"start":{"line":164,"column":4},"end":{"line":164,"column":23}},"83":{"start":{"line":165,"column":4},"end":{"line":165,"column":22}},"84":{"start":{"line":166,"column":4},"end":{"line":166,"column":17}},"85":{"start":{"line":170,"column":0},"end":{"line":198,"column":1}},"86":{"start":{"line":171,"column":2},"end":{"line":171,"column":29}},"87":{"start":{"line":172,"column":2},"end":{"line":172,"column":27}},"88":{"start":{"line":173,"column":2},"end":{"line":173,"column":31}},"89":{"start":{"line":174,"column":2},"end":{"line":174,"column":29}},"90":{"start":{"line":175,"column":2},"end":{"line":175,"column":33}},"91":{"start":{"line":176,"column":2},"end":{"line":176,"column":27}},"92":{"start":{"line":178,"column":2},"end":{"line":197,"column":4}},"93":{"start":{"line":184,"column":4},"end":{"line":196,"column":5}},"94":{"start":{"line":185,"column":6},"end":{"line":188,"column":7}},"95":{"start":{"line":186,"column":8},"end":{"line":186,"column":42}},"96":{"start":{"line":187,"column":8},"end":{"line":187,"column":22}},"97":{"start":{"line":189,"column":6},"end":{"line":189,"column":29}},"98":{"start":{"line":190,"column":6},"end":{"line":192,"column":13}},"99":{"start":{"line":191,"column":8},"end":{"line":191,"column":36}},"100":{"start":{"line":194,"column":6},"end":{"line":194,"column":40}},"101":{"start":{"line":195,"column":6},"end":{"line":195,"column":13}},"102":{"start":{"line":200,"column":0},"end":{"line":768,"column":1}},"103":{"start":{"line":201,"column":2},"end":{"line":201,"column":32}},"104":{"start":{"line":203,"column":2},"end":{"line":203,"column":17}},"105":{"start":{"line":204,"column":2},"end":{"line":204,"column":21}},"106":{"start":{"line":205,"column":2},"end":{"line":205,"column":14}},"107":{"start":{"line":206,"column":2},"end":{"line":206,"column":44}},"108":{"start":{"line":207,"column":2},"end":{"line":207,"column":34}},"109":{"start":{"line":209,"column":2},"end":{"line":209,"column":42}},"110":{"start":{"line":210,"column":2},"end":{"line":210,"column":40}},"111":{"start":{"line":211,"column":2},"end":{"line":211,"column":48}},"112":{"start":{"line":212,"column":2},"end":{"line":212,"column":63}},"113":{"start":{"line":213,"column":2},"end":{"line":213,"column":36}},"114":{"start":{"line":214,"column":2},"end":{"line":214,"column":40}},"115":{"start":{"line":215,"column":2},"end":{"line":215,"column":46}},"116":{"start":{"line":216,"column":2},"end":{"line":216,"column":42}},"117":{"start":{"line":218,"column":2},"end":{"line":218,"column":60}},"118":{"start":{"line":219,"column":2},"end":{"line":219,"column":58}},"119":{"start":{"line":220,"column":2},"end":{"line":220,"column":77}},"120":{"start":{"line":221,"column":2},"end":{"line":221,"column":75}},"121":{"start":{"line":223,"column":2},"end":{"line":227,"column":3}},"122":{"start":{"line":224,"column":4},"end":{"line":224,"column":31}},"123":{"start":{"line":226,"column":4},"end":{"line":226,"column":38}},"124":{"start":{"line":229,"column":2},"end":{"line":238,"column":3}},"125":{"start":{"line":230,"column":4},"end":{"line":230,"column":41}},"126":{"start":{"line":231,"column":4},"end":{"line":233,"column":5}},"127":{"start":{"line":232,"column":6},"end":{"line":232,"column":33}},"128":{"start":{"line":235,"column":4},"end":{"line":237,"column":5}},"129":{"start":{"line":236,"column":6},"end":{"line":236,"column":26}},"130":{"start":{"line":240,"column":2},"end":{"line":263,"column":3}},"131":{"start":{"line":241,"column":4},"end":{"line":241,"column":12}},"132":{"start":{"line":242,"column":4},"end":{"line":248,"column":5}},"133":{"start":{"line":243,"column":6},"end":{"line":247,"column":7}},"134":{"start":{"line":244,"column":8},"end":{"line":244,"column":40}},"135":{"start":{"line":246,"column":8},"end":{"line":246,"column":41}},"136":{"start":{"line":250,"column":4},"end":{"line":262,"column":5}},"137":{"start":{"line":251,"column":6},"end":{"line":251,"column":37}},"138":{"start":{"line":252,"column":6},"end":{"line":261,"column":7}},"139":{"start":{"line":253,"column":8},"end":{"line":255,"column":10}},"140":{"start":{"line":254,"column":10},"end":{"line":254,"column":37}},"141":{"start":{"line":256,"column":8},"end":{"line":258,"column":25}},"142":{"start":{"line":257,"column":10},"end":{"line":257,"column":31}},"143":{"start":{"line":260,"column":8},"end":{"line":260,"column":27}},"144":{"start":{"line":265,"column":2},"end":{"line":268,"column":3}},"145":{"start":{"line":266,"column":4},"end":{"line":266,"column":29}},"146":{"start":{"line":267,"column":4},"end":{"line":267,"column":27}},"147":{"start":{"line":270,"column":2},"end":{"line":288,"column":3}},"148":{"start":{"line":271,"column":4},"end":{"line":271,"column":32}},"149":{"start":{"line":275,"column":4},"end":{"line":277,"column":5}},"150":{"start":{"line":276,"column":6},"end":{"line":276,"column":12}},"151":{"start":{"line":279,"column":4},"end":{"line":287,"column":5}},"152":{"start":{"line":280,"column":6},"end":{"line":280,"column":28}},"153":{"start":{"line":281,"column":6},"end":{"line":281,"column":24}},"154":{"start":{"line":282,"column":11},"end":{"line":287,"column":5}},"155":{"start":{"line":283,"column":6},"end":{"line":286,"column":38}},"156":{"start":{"line":284,"column":8},"end":{"line":284,"column":30}},"157":{"start":{"line":285,"column":8},"end":{"line":285,"column":26}},"158":{"start":{"line":290,"column":2},"end":{"line":300,"column":3}},"159":{"start":{"line":291,"column":4},"end":{"line":298,"column":6}},"160":{"start":{"line":299,"column":4},"end":{"line":299,"column":8}},"161":{"start":{"line":302,"column":2},"end":{"line":312,"column":3}},"162":{"start":{"line":303,"column":4},"end":{"line":310,"column":6}},"163":{"start":{"line":311,"column":4},"end":{"line":311,"column":23}},"164":{"start":{"line":317,"column":2},"end":{"line":317,"column":36}},"165":{"start":{"line":326,"column":2},"end":{"line":344,"column":3}},"166":{"start":{"line":327,"column":4},"end":{"line":327,"column":17}},"167":{"start":{"line":328,"column":4},"end":{"line":328,"column":29}},"168":{"start":{"line":329,"column":4},"end":{"line":332,"column":5}},"169":{"start":{"line":330,"column":6},"end":{"line":330,"column":28}},"170":{"start":{"line":331,"column":6},"end":{"line":331,"column":26}},"171":{"start":{"line":334,"column":4},"end":{"line":334,"column":39}},"172":{"start":{"line":336,"column":4},"end":{"line":343,"column":10}},"173":{"start":{"line":350,"column":2},"end":{"line":400,"column":3}},"174":{"start":{"line":351,"column":4},"end":{"line":351,"column":13}},"175":{"start":{"line":352,"column":4},"end":{"line":352,"column":12}},"176":{"start":{"line":353,"column":4},"end":{"line":353,"column":19}},"177":{"start":{"line":354,"column":4},"end":{"line":354,"column":17}},"178":{"start":{"line":355,"column":4},"end":{"line":355,"column":21}},"179":{"start":{"line":356,"column":4},"end":{"line":356,"column":30}},"180":{"start":{"line":358,"column":4},"end":{"line":361,"column":5}},"181":{"start":{"line":359,"column":6},"end":{"line":359,"column":24}},"182":{"start":{"line":360,"column":6},"end":{"line":360,"column":15}},"183":{"start":{"line":363,"column":4},"end":{"line":365,"column":5}},"184":{"start":{"line":364,"column":6},"end":{"line":364,"column":29}},"185":{"start":{"line":367,"column":4},"end":{"line":369,"column":5}},"186":{"start":{"line":368,"column":6},"end":{"line":368,"column":34}},"187":{"start":{"line":371,"column":4},"end":{"line":371,"column":51}},"188":{"start":{"line":373,"column":4},"end":{"line":373,"column":35}},"189":{"start":{"line":374,"column":4},"end":{"line":374,"column":32}},"190":{"start":{"line":379,"column":4},"end":{"line":379,"column":43}},"191":{"start":{"line":380,"column":4},"end":{"line":380,"column":61}},"192":{"start":{"line":380,"column":19},"end":{"line":380,"column":61}},"193":{"start":{"line":382,"column":4},"end":{"line":385,"column":5}},"194":{"start":{"line":386,"column":4},"end":{"line":388,"column":5}},"195":{"start":{"line":387,"column":6},"end":{"line":387,"column":35}},"196":{"start":{"line":390,"column":4},"end":{"line":399,"column":5}},"197":{"start":{"line":391,"column":6},"end":{"line":391,"column":31}},"198":{"start":{"line":392,"column":6},"end":{"line":392,"column":26}},"199":{"start":{"line":393,"column":6},"end":{"line":393,"column":22}},"200":{"start":{"line":394,"column":6},"end":{"line":394,"column":40}},"201":{"start":{"line":394,"column":25},"end":{"line":394,"column":39}},"202":{"start":{"line":396,"column":6},"end":{"line":396,"column":36}},"203":{"start":{"line":397,"column":6},"end":{"line":397,"column":30}},"204":{"start":{"line":398,"column":6},"end":{"line":398,"column":31}},"205":{"start":{"line":407,"column":2},"end":{"line":432,"column":3}},"206":{"start":{"line":408,"column":4},"end":{"line":408,"column":21}},"207":{"start":{"line":409,"column":4},"end":{"line":409,"column":17}},"208":{"start":{"line":411,"column":4},"end":{"line":414,"column":5}},"209":{"start":{"line":412,"column":6},"end":{"line":412,"column":24}},"210":{"start":{"line":413,"column":6},"end":{"line":413,"column":15}},"211":{"start":{"line":416,"column":4},"end":{"line":416,"column":51}},"212":{"start":{"line":418,"column":4},"end":{"line":418,"column":40}},"213":{"start":{"line":419,"column":4},"end":{"line":419,"column":37}},"214":{"start":{"line":420,"column":4},"end":{"line":420,"column":21}},"215":{"start":{"line":421,"column":4},"end":{"line":421,"column":26}},"216":{"start":{"line":422,"column":4},"end":{"line":422,"column":32}},"217":{"start":{"line":423,"column":4},"end":{"line":425,"column":5}},"218":{"start":{"line":424,"column":6},"end":{"line":424,"column":34}},"219":{"start":{"line":427,"column":4},"end":{"line":431,"column":5}},"220":{"start":{"line":428,"column":6},"end":{"line":428,"column":26}},"221":{"start":{"line":430,"column":6},"end":{"line":430,"column":31}},"222":{"start":{"line":439,"column":2},"end":{"line":480,"column":3}},"223":{"start":{"line":440,"column":4},"end":{"line":440,"column":21}},"224":{"start":{"line":441,"column":4},"end":{"line":441,"column":17}},"225":{"start":{"line":442,"column":4},"end":{"line":442,"column":15}},"226":{"start":{"line":444,"column":4},"end":{"line":447,"column":5}},"227":{"start":{"line":445,"column":6},"end":{"line":445,"column":24}},"228":{"start":{"line":446,"column":6},"end":{"line":446,"column":15}},"229":{"start":{"line":449,"column":4},"end":{"line":449,"column":39}},"230":{"start":{"line":451,"column":4},"end":{"line":451,"column":40}},"231":{"start":{"line":452,"column":4},"end":{"line":452,"column":37}},"232":{"start":{"line":454,"column":4},"end":{"line":462,"column":5}},"233":{"start":{"line":464,"column":4},"end":{"line":479,"column":6}},"234":{"start":{"line":465,"column":6},"end":{"line":467,"column":7}},"235":{"start":{"line":466,"column":8},"end":{"line":466,"column":22}},"236":{"start":{"line":468,"column":6},"end":{"line":477,"column":7}},"237":{"start":{"line":469,"column":8},"end":{"line":476,"column":10}},"238":{"start":{"line":470,"column":10},"end":{"line":470,"column":26}},"239":{"start":{"line":471,"column":10},"end":{"line":474,"column":11}},"240":{"start":{"line":472,"column":12},"end":{"line":472,"column":37}},"241":{"start":{"line":473,"column":12},"end":{"line":473,"column":47}},"242":{"start":{"line":475,"column":10},"end":{"line":475,"column":31}},"243":{"start":{"line":478,"column":6},"end":{"line":478,"column":10}},"244":{"start":{"line":487,"column":2},"end":{"line":559,"column":3}},"245":{"start":{"line":488,"column":4},"end":{"line":488,"column":38}},"246":{"start":{"line":489,"column":4},"end":{"line":489,"column":24}},"247":{"start":{"line":490,"column":4},"end":{"line":490,"column":19}},"248":{"start":{"line":491,"column":4},"end":{"line":491,"column":14}},"249":{"start":{"line":492,"column":4},"end":{"line":492,"column":29}},"250":{"start":{"line":493,"column":4},"end":{"line":495,"column":5}},"251":{"start":{"line":494,"column":6},"end":{"line":494,"column":54}},"252":{"start":{"line":497,"column":4},"end":{"line":498,"column":91}},"253":{"start":{"line":502,"column":4},"end":{"line":506,"column":5}},"254":{"start":{"line":508,"column":4},"end":{"line":508,"column":39}},"255":{"start":{"line":510,"column":4},"end":{"line":510,"column":60}},"256":{"start":{"line":512,"column":4},"end":{"line":540,"column":6}},"257":{"start":{"line":513,"column":6},"end":{"line":513,"column":20}},"258":{"start":{"line":514,"column":6},"end":{"line":514,"column":15}},"259":{"start":{"line":516,"column":6},"end":{"line":524,"column":7}},"260":{"start":{"line":517,"column":8},"end":{"line":517,"column":17}},"261":{"start":{"line":518,"column":8},"end":{"line":522,"column":9}},"262":{"start":{"line":519,"column":10},"end":{"line":519,"column":36}},"263":{"start":{"line":521,"column":10},"end":{"line":521,"column":38}},"264":{"start":{"line":523,"column":8},"end":{"line":523,"column":23}},"265":{"start":{"line":526,"column":6},"end":{"line":526,"column":35}},"266":{"start":{"line":527,"column":6},"end":{"line":527,"column":36}},"267":{"start":{"line":529,"column":6},"end":{"line":539,"column":7}},"268":{"start":{"line":531,"column":8},"end":{"line":536,"column":10}},"269":{"start":{"line":532,"column":10},"end":{"line":535,"column":11}},"270":{"start":{"line":533,"column":12},"end":{"line":533,"column":33}},"271":{"start":{"line":534,"column":12},"end":{"line":534,"column":34}},"272":{"start":{"line":538,"column":8},"end":{"line":538,"column":21}},"273":{"start":{"line":542,"column":4},"end":{"line":552,"column":6}},"274":{"start":{"line":543,"column":6},"end":{"line":543,"column":23}},"275":{"start":{"line":544,"column":6},"end":{"line":544,"column":28}},"276":{"start":{"line":545,"column":6},"end":{"line":551,"column":14}},"277":{"start":{"line":546,"column":8},"end":{"line":550,"column":9}},"278":{"start":{"line":547,"column":10},"end":{"line":547,"column":38}},"279":{"start":{"line":548,"column":10},"end":{"line":548,"column":17}},"280":{"start":{"line":549,"column":10},"end":{"line":549,"column":40}},"281":{"start":{"line":554,"column":4},"end":{"line":556,"column":6}},"282":{"start":{"line":555,"column":6},"end":{"line":555,"column":27}},"283":{"start":{"line":558,"column":4},"end":{"line":558,"column":13}},"284":{"start":{"line":570,"column":2},"end":{"line":589,"column":3}},"285":{"start":{"line":571,"column":4},"end":{"line":571,"column":17}},"286":{"start":{"line":572,"column":4},"end":{"line":572,"column":21}},"287":{"start":{"line":573,"column":4},"end":{"line":573,"column":54}},"288":{"start":{"line":574,"column":4},"end":{"line":574,"column":16}},"289":{"start":{"line":575,"column":4},"end":{"line":575,"column":17}},"290":{"start":{"line":577,"column":4},"end":{"line":580,"column":5}},"291":{"start":{"line":578,"column":6},"end":{"line":578,"column":23}},"292":{"start":{"line":579,"column":6},"end":{"line":579,"column":15}},"293":{"start":{"line":582,"column":4},"end":{"line":584,"column":5}},"294":{"start":{"line":586,"column":4},"end":{"line":586,"column":49}},"295":{"start":{"line":588,"column":4},"end":{"line":588,"column":40}},"296":{"start":{"line":601,"column":2},"end":{"line":668,"column":3}},"297":{"start":{"line":602,"column":4},"end":{"line":602,"column":20}},"298":{"start":{"line":603,"column":4},"end":{"line":603,"column":17}},"299":{"start":{"line":604,"column":4},"end":{"line":604,"column":21}},"300":{"start":{"line":605,"column":4},"end":{"line":605,"column":15}},"301":{"start":{"line":606,"column":4},"end":{"line":606,"column":54}},"302":{"start":{"line":608,"column":4},"end":{"line":611,"column":5}},"303":{"start":{"line":609,"column":6},"end":{"line":609,"column":23}},"304":{"start":{"line":610,"column":6},"end":{"line":610,"column":15}},"305":{"start":{"line":613,"column":4},"end":{"line":613,"column":76}},"306":{"start":{"line":615,"column":4},"end":{"line":615,"column":39}},"307":{"start":{"line":617,"column":4},"end":{"line":621,"column":5}},"308":{"start":{"line":623,"column":4},"end":{"line":625,"column":5}},"309":{"start":{"line":624,"column":6},"end":{"line":624,"column":36}},"310":{"start":{"line":627,"column":4},"end":{"line":629,"column":5}},"311":{"start":{"line":628,"column":6},"end":{"line":628,"column":45}},"312":{"start":{"line":631,"column":4},"end":{"line":63
[...]
ns":[{"start":{"line":194,"column":14},"end":{"line":194,"column":39}},{"start":{"line":194,"column":43},"end":{"line":194,"column":60}}]},"44":{"line":200,"type":"if","locations":[{"start":{"line":200,"column":8},"end":{"line":200,"column":8}},{"start":{"line":200,"column":8},"end":{"line":200,"column":8}}]},"45":{"line":206,"type":"if","locations":[{"start":{"line":206,"column":6},"end":{"line":206,"column":6}},{"start":{"line":206,"column":6},"end":{"line":206,"column":6}}]},"46":{"line":206,"type":"binary-expr","locations":[{"start":{"line":206,"column":10},"end":{"line":206,"column":35}},{"start":{"line":206,"column":39},"end":{"line":206,"column":52}},{"start":{"line":206,"column":56},"end":{"line":206,"column":69}},{"start":{"line":206,"column":73},"end":{"line":206,"column":86}}]},"47":{"line":211,"type":"if","locations":[{"start":{"line":211,"column":6},"end":{"line":211,"column":6}},{"start":{"line":211,"column":6},"end":{"line":211,"column":6}}]},"48":{"line":234,"type":"if","locations":[{"start":{"line":234,"column":2},"end":{"line":234,"column":2}},{"start":{"line":234,"column":2},"end":{"line":234,"column":2}}]},"49":{"line":234,"type":"binary-expr","locations":[{"start":{"line":234,"column":6},"end":{"line":234,"column":27}},{"start":{"line":234,"column":31},"end":{"line":234,"column":59}},{"start":{"line":234,"column":63},"end":{"line":234,"column":96}},{"start":{"line":234,"column":100},"end":{"line":234,"column":134}}]},"50":{"line":236,"type":"if","locations":[{"start":{"line":236,"column":9},"end":{"line":236,"column":9}},{"start":{"line":236,"column":9},"end":{"line":236,"column":9}}]},"51":{"line":236,"type":"binary-expr","locations":[{"start":{"line":236,"column":13},"end":{"line":236,"column":34}},{"start":{"line":236,"column":38},"end":{"line":236,"column":87}},{"start":{"line":236,"column":91},"end":{"line":236,"column":138}},{"start":{"line":237,"column":4},"end":{"line":237,"column":56}},{"start":{"line":237,"column":60},"end":{"line":237,"column":113}}]},"52":{"line":240,"type":"if","locations":[{"start":{"line":240,"column":4},"end":{"line":240,"column":4}},{"start":{"line":240,"column":4},"end":{"line":240,"column":4}}]},"53":{"line":242,"type":"if","locations":[{"start":{"line":242,"column":8},"end":{"line":242,"column":8}},{"start":{"line":242,"column":8},"end":{"line":242,"column":8}}]},"54":{"line":245,"type":"if","locations":[{"start":{"line":245,"column":8},"end":{"line":245,"column":8}},{"start":{"line":245,"column":8},"end":{"line":245,"column":8}}]},"55":{"line":251,"type":"if","locations":[{"start":{"line":251,"column":9},"end":{"line":251,"column":9}},{"start":{"line":251,"column":9},"end":{"line":251,"column":9}}]},"56":{"line":251,"type":"binary-expr","locations":[{"start":{"line":251,"column":13},"end":{"line":251,"column":34}},{"start":{"line":251,"column":38},"end":{"line":251,"column":66}},{"start":{"line":251,"column":70},"end":{"line":251,"column":107}}]},"57":{"line":253,"type":"if","locations":[{"start":{"line":253,"column":4},"end":{"line":253,"column":4}},{"start":{"line":253,"column":4},"end":{"line":253,"column":4}}]},"58":{"line":260,"type":"if","locations":[{"start":{"line":260,"column":9},"end":{"line":260,"column":9}},{"start":{"line":260,"column":9},"end":{"line":260,"column":9}}]},"59":{"line":260,"type":"binary-expr","locations":[{"start":{"line":260,"column":13},"end":{"line":260,"column":26}},{"start":{"line":260,"column":30},"end":{"line":260,"column":36}}]},"60":{"line":261,"type":"if","locations":[{"start":{"line":261,"column":4},"end":{"line":261,"column":4}},{"start":{"line":261,"column":4},"end":{"line":261,"column":4}}]},"61":{"line":261,"type":"binary-expr","locations":[{"start":{"line":261,"column":8},"end":{"line":261,"column":29}},{"start":{"line":261,"column":33},"end":{"line":261,"column":61}},{"start":{"line":261,"column":65},"end":{"line":261,"column":102}}]}},"code":["'use strict'","","const cloneDeep = require('lodash.clonedeep')","","//","// Get type from the mongoose schema","//","// Returns the type, so in case none is set, it's the mongoose type.","//","// @param paths","// @param field","// @return the type or false","//","function getTypeFromPaths (paths, field) {","  let type = false","","  if (paths[field] && paths[field].options.type === Date) {","    return 'date'","  }","","  if (paths[field] && paths[field].options.type === Boolean) {","    return 'boolean'","  }","","  if (paths[field]) {","    type = paths[field].instance ? paths[field].instance.toLowerCase() : 'object'","  }","","  return type","}","","//","// Generates the mapping","//","// Can be called recursively.","//","// @param cleanTree","// @param inPrefix","// @return the mapping","//","function getMapping (cleanTree, inPrefix) {","  let mapping = {}","  let value = []","  let field = []","  let prop = []","  let implicitFields = []","  let hasEsIndex = false","  const prefix = inPrefix !== '' ? `${inPrefix}.` : inPrefix","","  for (field in cleanTree) {","    if (!cleanTree.hasOwnProperty(field)) {","      continue","    }","    value = cleanTree[field]","    mapping[field] = {}","    mapping[field].type = value.type","","    // Check if field was explicity indexed, if not keep track implicitly","    if (value.es_indexed) {","      hasEsIndex = true","    } else if (value.type) {","      implicitFields.push(field)","    }","","    // If there is no type, then it's an object with subfields.","    if (typeof value === 'object' && !value.type) {","      mapping[field].type = 'object'","      mapping[field].properties = getMapping(value, prefix + field)","    }","","    // If it is a objectid make it a string.","    if (value.type === 'objectid') {","      if (value.ref && value.es_schema) {","        mapping[field].type = 'object'","        mapping[field].properties = getMapping(value, prefix + field)","        continue","      }","      // do not continue here so we can handle other es_ options","      mapping[field].type = 'string'","    }","","    // If indexing a number, and no es_type specified, default to double","    if (value.type === 'number' && value.es_type === undefined) {","      mapping[field].type = 'double'","      continue","    }","","    // Else, it has a type and we want to map that!","    for (prop in value) {","      // Map to field if it's an Elasticsearch option","      if (value.hasOwnProperty(prop) && prop.indexOf('es_') === 0 && prop !== 'es_indexed') {","        mapping[field][prop.replace(/^es_/, '')] = value[prop]","      }","    }","","    // if type is never mapped, delete mapping","    if (mapping[field].type === undefined) {","      delete mapping[field]","    }","  }","","  // If one of the fields was explicitly indexed, delete all implicit fields","  if (hasEsIndex) {","    implicitFields.forEach(implicitField => {","      delete mapping[implicitField]","    })","  }","","  return mapping","}","","//","// Generates a clean tree","//","// Can be called recursively.","//","// @param tree","// @param paths","// @param prefix","// @return the tree","//","function getCleanTree (tree, paths, inPrefix) {","  let cleanTree = {}","  let type = ''","  let value = {}","  let field","  let prop","  let treeNode","  let subTree","  let key","  let geoFound = false","  let prefix = inPrefix !== '' ? `${inPrefix}.` : inPrefix","","  tree = cloneDeep(tree)","  paths = cloneDeep(paths)","","  for (field in tree) {","    if (prefix === '' && field === '_id') {","      continue","    }","","    type = getTypeFromPaths(paths, prefix + field)","    value = tree[field]","","    if (value.es_indexed === false) {","      continue","    }","","    // Field has some kind of type","    if (type) {","      // If it is an nested schema","      if (value[0] || type === 'embedded') {","        // A nested array can contain complex objects","        nestedSchema(paths, field, cleanTree, value, prefix) // eslint-disable-line no-use-before-define","      } else if (value.type && Array.isArray(value.type)) {","        // An object with a nested array","        nestedSchema(paths, field, cleanTree, value, prefix) // eslint-disable-line no-use-before-define","        // Merge top level es settings","        for (prop in value) {","          // Map to field if it's an Elasticsearch option","          if (value.hasOwnProperty(prop) && prop.indexOf('es_') === 0) {","            cleanTree[field][prop] = value[prop]","          }","        }","      } else if (paths[field] && paths[field].options.es_schema && paths[field].options.es_schema.tree && paths[field].options.es_schema.paths) {","        subTree = paths[field].options.es_schema.tree","        if (paths[field].options.es_select) {","          for (treeNode in subTree) {","            if (!subTree.hasOwnProperty(treeNode)) { continue }","            if (paths[field].options.es_select.split(' ').indexOf(treeNode) === -1) {","              delete subTree[treeNode]","            }","          }","        }","        cleanTree[field] = getCleanTree(subTree, paths[field].options.es_schema.paths, '')","      } else if (value === String || value === Object || value === Date || value === Number || value === Boolean || value === Array) {","        cleanTree[field] = {}","        cleanTree[field].type = type","      } else {","        cleanTree[field] = {}","        for (key in value) {","          if (value.hasOwnProperty(key)) {","            cleanTree[field][key] = value[key]","          }","        }","        cleanTree[field].type = type","      }","","      // It has no type for some reason","    } else {","      // Because it is an geo_* object!!","      if (typeof value === 'object') {","        for (key in value) {","          if (value.hasOwnProperty(key) && /^geo_/.test(key)) {","            cleanTree[field] = value[key]","            geoFound = true","          }","        }","","        if (geoFound) {","          continue","        }","      }","","      // If it's a virtual type, don't map it","      if (typeof value === 'object' && value.getters && value.setters && value.options) {","        continue","      }","","      // Because it is some other object!! Or we assumed that it is one.","      if (typeof value === 'object') {","        cleanTree[field] = getCleanTree(value, paths, prefix + field)","      }","    }","  }","","  return cleanTree","}","","//","// Define a nested schema","//","// @param paths","// @param field","// @param cleanTree","// @param value","// @param prefix","// @return cleanTree modified","//","function nestedSchema (paths, field, cleanTree, value, prefix) {","  let treeNode","  let subTree","  // A nested array can contain complex objects","  if (paths[prefix + field] && paths[prefix + field].schema && paths[prefix + field].schema.tree && paths[prefix + field].schema.paths) {","    cleanTree[field] = getCleanTree(paths[prefix + field].schema.tree, paths[prefix + field].schema.paths, '')","  } else if (paths[prefix + field] && Array.isArray(paths[prefix + field].options.type) && paths[prefix + field].options.type[0].es_schema &&","    paths[prefix + field].options.type[0].es_schema.tree && paths[prefix + field].options.type[0].es_schema.paths) {","    // A nested array of references filtered by the 'es_select' option","    subTree = paths[field].options.type[0].es_schema.tree","    if (paths[field].options.type[0].es_select) {","      for (treeNode in subTree) {","        if (!subTree.hasOwnProperty(treeNode)) {","          continue","        }","        if (paths[field].options.type[0].es_select.split(' ').indexOf(treeNode) === -1) {","          delete subTree[treeNode]","        }","      }","    }","    cleanTree[field] = getCleanTree(subTree, paths[prefix + field].options.type[0].es_schema.paths, '')","  } else if (paths[prefix + field] && paths[prefix + field].caster && paths[prefix + field].caster.instance) {","    // Even for simple types the value can be an object if there is other attributes than type","    if (typeof value[0] === 'object') {","      cleanTree[field] = value[0]","    } else {","      cleanTree[field] = {}","    }","","    cleanTree[field].type = paths[prefix + field].caster.instance.toLowerCase()","  } else if (!paths[field] && prefix) {","    if (paths[prefix + field] && paths[prefix + field].caster && paths[prefix + field].caster.instance) {","      cleanTree[field] = {","        type: paths[prefix + field].caster.instance.toLowerCase()","      }","    }","  } else {","    cleanTree[field] = {","      type: 'object'","    }","  }","}","","function Generator () {}","","Generator.prototype.generateMapping = function generateMapping (schema, cb) {","  const cleanTree = getCleanTree(schema.tree, schema.paths, '')","  delete cleanTree[schema.get('versionKey')]","  let mapping = getMapping(cleanTree, '')","  cb(null, {","    properties: mapping","  })","}","","module.exports = Generator",""],"l":{"3":1,"14":1,"15":0,"17":0,"18":0,"21":0,"22":0,"25":0,"26":0,"29":0,"41":1,"42":0,"43":0,"44":0,"45":0,"46":0,"47":0,"48":0,"50":0,"51":0,"52":0,"54":0,"55":0,"56":0,"59":0,"60":0,"61":0,"62":0,"66":0,"67":0,"68":0,"72":0,"73":0,"74":0,"75":0,"76":0,"79":0,"83":0,"84":0,"85":0,"89":0,"91":0,"92":0,"97":0,"98":0,"103":0,"104":0,"105":0,"109":0,"122":1,"123":0,"124":0,"125":0,"126":0,"127":0,"128":0,"129":0,"130":0,"131":0,"132":0,"134":0,"135":0,"137":0,"138":0,"139":0,"142":0,"143":0,"145":0,"146":0,"150":0,"152":0,"154":0,"155":0,"157":0,"159":0,"161":0,"162":0,"165":0,"166":0,"167":0,"168":0,"169":0,"170":0,"171":0,"175":0,"176":0,"177":0,"178":0,"180":0,"181":0,"182":0,"183":0,"186":0,"192":0,"193":0,"194":0,"195":0,"196":0,"200":0,"201":0,"206":0,"207":0,"211":0,"212":0,"217":0,"230":1,"231":0,"232":0,"234":0,"235":0,"236":0,"239":0,"240":0,"241":0,"242":0,"243":0,"245":0,"246":0,"250":0,"251":0,"253":0,"254":0,"256":0,"259":0,"260":0,"261":0,"262":0,"267":0,"273":1,"275":1,"276":0,"277":0,"278":0,"279":0,"284":1}},"/home/travis/build/npmtest/node-npmtest-mongoosastic/node_modules/mongoosastic/lib/serialize.js":{"path":"/home/travis/build/npmtest/node-npmtest-mongoosastic/node_modules/mongoosastic/lib/serialize.js","s":{"1":1,"2":0,"3":1,"4":0,"5":0,"6":0,"7":0,"8":0,"9":0,"10":0,"11":0,"12":0,"13":0,"14":0,"15":0,"16":0,"17":0,"18":0,"19":0,"20":0,"21":0,"22":0,"23":0,"24":0,"25":0,"26":0,"27":0},"b":{"1":[0,0],"2":[0,0],"3":[0,0],"4":[0,0],"5":[0,0],"6":[0,0],"7":[0,0],"8":[0,0],"9":[0,0],"10":[0,0],"11":[0,0],"12":[0,0]},"f":{"1":0,"2":0},"fnMap":{"1":{"name":"serialize","line":3,"loc":{"start":{"line":3,"column":17},"end":{"line":3,"column":53}}},"2":{"name":"_serializeObject","line":6,"loc":{"start":{"line":6,"column":2},"end":{"line":6,"column":50}}}},"statementMap":{"1":{"start":{"line":3,"column":0},"end":{"line":46,"column":1}},"2":{"start":{"line":4,"column":2},"end":{"line":4,"column":20}},"3":{"start":{"line":6,"column":2},"end":{"line":19,"column":3}},"4":{"start":{"line":7,"column":4},"end":{"line":7,"column":23}},"5":{"start":{"line":8,"column":4},"end":{"line":8,"column":13}},"6":{"start":{"line":9,"column":4},"end":{"line":9,"column":11}},"7":{"start":{"line":10,"column":4},"end":{"line":17,"column":5}},"8":{"start":{"line":11,"column":6},"end":{"line":16,"column":7}},"9":{"start":{"line":12,"column":8},"end":{"line":12,"column":82}},"10":{"start":{"line":13,"column":8},"end":{"line":15,"column":9}},"11":{"start":{"line":14,"column":10},"end":{"line":14,"column":33}},"12":{"start":{"line":18,"column":4},"end":{"line":18,"column":21}},"13":{"start":{"line":21,"column":2},"end":{"line":27,"column":3}},"14":{"start":{"line":22,"column":4},"end":{"line":24,"column":5}},"15":{"start":{"line":23,"column":6},"end":{"line":23,"column":67}},"16":{"start":{"line":23,"column":33},"end":{"line":23,"column":66}},"17":{"start":{"line":26,"column":4},"end":{"line":26,"column":43}},"18":{"start":{"line":29,"column":2},"end":{"line":31,"column":3}},"19":{"start":{"line":30,"column":4},"end":{"line":30,"column":49}},"20":{"start":{"line":33,"column":2},"end":{"line":33,"column":66}},"21":{"start":{"line":34,"column":2},"end":{"line":43,"column":3}},"22":{"start":{"line":35,"column":4},"end":{"line":35,"column":36}},"23":{"start":{"line":36,"column":4},"end":{"line":38,"column":5}},"24":{"start":{"line":37,"column":6},"end":{"line":37,"column":32}},"25":{"start":{"line":40,"column":4},"end":{"line":42,"column":5}},"26":{"start":{"line":41,"column":6},"end":{"line":41,"column":40}},"27":{"start":{"line":45,"column":2},"end":{"line":45,"column":17}}},"branchMap":{"1":{"line":11,"type":"if","locations":[{"start":{"line":11,"column":6},"end":{"line":11,"column":6}},{"start":{"line":11,"column":6},"end":{"line":11,"column":6}}]},"2":{"line":13,"type":"if","locations":[{"start":{"line":13,"column":8},"end":{"line":13,"column":8}},{"start":{"line":13,"column":8},"end":{"line":13,"column":8}}]},"3":{"line":21,"type":"if","locations":[{"start":{"line":21,"column":2},"end":{"line":21,"column":2}},{"start":{"line":21,"column":2},"end":{"line":21,"column":2}}]},"4":{"line":21,"type":"binary-expr","locations":[{"start":{"line":21,"column":6},"end":{"line":21,"column":24}},{"start":{"line":21,"column":28},"end":{"line":21,"column":33}}]},"5":{"line":22,"type":"if","locations":[{"start":{"line":22,"column":4},"end":{"line":22,"column":4}},{"start":{"line":22,"column":4},"end":{"line":22,"column":4}}]},"6":{"line":29,"type":"if","locations":[{"start":{"line":29,"column":2},"end":{"line":29,"column":2}},{"start":{"line":29,"column":2},"end":{"line":29,"column":2}}]},"7":{"line":29,"type":"binary-expr","locations":[{"start":{"line":29,"column":6},"end":{"line":29,"column":18}},{"start":{"line":29,"column":22},"end":{"line":29,"column":56}}]},"8":{"line":33,"type":"cond-expr","locations":[{"start":{"line":33,"column":28},"end":{"line":33,"column":58}},{"start":{"line":33,"column":61},"end":{"line":33,"column":66}}]},"9":{"line":34,"type":"if","locations":[{"start":{"line":34,"column":2},"end":{"line":34,"column":2}},{"start":{"line":34,"column":2},"end":{"line":34,"column":2}}]},"10":{"line":34,"type":"binary-expr","locations":[{"start":{"line":34,"column":6},"end":{"line":34,"column":34}},{"start":{"line":34,"column":38},"end":{"line":34,"column":55}}]},"11":{"line":36,"type":"if","locations":[{"start":{"line":36,"column":4},"end":{"line":36,"column":4}},{"start":{"line":36,"column":4},"end":{"line":36,"column":4}}]},"12":{"line":40,"type":"if","locations":[{"start":{"line":40,"column":4},"end":{"line":40,"column":4}},{"start":{"line":40,"column":4},"end":{"line":40,"column":4}}]}},"code":["'use strict'","","module.exports = function serialize (model, mapping) {","  let name, outModel","","  function _serializeObject (object, mappingData) {","    let serialized = {}","    let field","    let val","    for (field in mappingData.properties) {","      if (mappingData.properties.hasOwnProperty(field)) {","        val = serialize.call(object, object[field], mappingData.properties[field])","        if (val !== undefined) {","          serialized[field] = val","        }","      }","    }","    return serialized","  }","","  if (mapping.properties && model) {","    if (Array.isArray(model)) {","      return model.map(object => _serializeObject(object, mapping))","    }","","    return _serializeObject(model, mapping)","  }","","  if (mapping.cast && typeof mapping.cast !== 'function') {","    throw new Error('es_cast must be a function')","  }","","  outModel = mapping.cast ? mapping.cast.call(this, model) : model","  if (typeof outModel === 'object' && outModel !== null) {","    name = outModel.constructor.name","    if (name === 'ObjectID') {","      return outModel.toString()","    }","","    if (name === 'Date') {","      return new Date(outModel).toJSON()","    }","  }","","  return outModel","}",""],"l":{"3":1,"4":0,"6":1,"7":0,"8":0,"9":0,"10":0,"11":0,"12":0,"13":0,"14":0,"18":0,"21":0,"22":0,"23":0,"26":0,"29":0,"30":0,"33":0,"34":0,"35":0,"36":0,"37":0,"40":0,"41":0,"45":0}}}